CRITICAL - 2022-03-13 21:57:48 --> Class "Codeigniter\Controller" not found
#0 C:\xampp\htdocs\CI4\Codeigniter 4 Web\system\Router\Router.php(518): include_once()
#1 C:\xampp\htdocs\CI4\Codeigniter 4 Web\system\Router\Router.php(175): CodeIgniter\Router\Router->autoRoute('register')
#2 C:\xampp\htdocs\CI4\Codeigniter 4 Web\system\CodeIgniter.php(726): CodeIgniter\Router\Router->handle('register')
#3 C:\xampp\htdocs\CI4\Codeigniter 4 Web\system\CodeIgniter.php(368): CodeIgniter\CodeIgniter->tryToRouteIt(Object(CodeIgniter\Router\RouteCollection))
#4 C:\xampp\htdocs\CI4\Codeigniter 4 Web\system\CodeIgniter.php(326): CodeIgniter\CodeIgniter->handleRequest(NULL, Object(Config\Cache), false)
#5 C:\xampp\htdocs\CI4\Codeigniter 4 Web\public\index.php(37): CodeIgniter\CodeIgniter->run()
#6 C:\xampp\htdocs\CI4\Codeigniter 4 Web\system\Commands\Server\rewrite.php(43): require_once('C:\\xampp\\htdocs...')
#7 {main}
CRITICAL - 2022-03-13 21:58:55 --> Class "Codeigniter\Controller" not found
#0 C:\xampp\htdocs\CI4\Codeigniter 4 Web\system\Autoloader\Autoloader.php(264): include_once()
#1 C:\xampp\htdocs\CI4\Codeigniter 4 Web\system\Autoloader\Autoloader.php(241): CodeIgniter\Autoloader\Autoloader->includeFile('C:\\xampp\\htdocs...')
#2 C:\xampp\htdocs\CI4\Codeigniter 4 Web\system\Autoloader\Autoloader.php(219): CodeIgniter\Autoloader\Autoloader->loadInNamespace('App\\Controllers...')
#3 [internal function]: CodeIgniter\Autoloader\Autoloader->loadClass('App\\Controllers...')
#4 C:\xampp\htdocs\CI4\Codeigniter 4 Web\system\CodeIgniter.php(797): class_exists('\\App\\Controller...', true)
#5 C:\xampp\htdocs\CI4\Codeigniter 4 Web\system\CodeIgniter.php(406): CodeIgniter\CodeIgniter->startController()
#6 C:\xampp\htdocs\CI4\Codeigniter 4 Web\system\CodeIgniter.php(326): CodeIgniter\CodeIgniter->handleRequest(NULL, Object(Config\Cache), false)
#7 C:\xampp\htdocs\CI4\Codeigniter 4 Web\public\index.php(37): CodeIgniter\CodeIgniter->run()
#8 C:\xampp\htdocs\CI4\Codeigniter 4 Web\system\Commands\Server\rewrite.php(43): require_once('C:\\xampp\\htdocs...')
#9 {main}
CRITICAL - 2022-03-13 22:05:38 --> Class "Codeigniter\Controller" not found
#0 C:\xampp\htdocs\CI4\Codeigniter 4 Web\system\Autoloader\Autoloader.php(264): include_once()
#1 C:\xampp\htdocs\CI4\Codeigniter 4 Web\system\Autoloader\Autoloader.php(241): CodeIgniter\Autoloader\Autoloader->includeFile('C:\\xampp\\htdocs...')
#2 C:\xampp\htdocs\CI4\Codeigniter 4 Web\system\Autoloader\Autoloader.php(219): CodeIgniter\Autoloader\Autoloader->loadInNamespace('App\\Controllers...')
#3 [internal function]: CodeIgniter\Autoloader\Autoloader->loadClass('App\\Controllers...')
#4 C:\xampp\htdocs\CI4\Codeigniter 4 Web\system\CodeIgniter.php(797): class_exists('\\App\\Controller...', true)
#5 C:\xampp\htdocs\CI4\Codeigniter 4 Web\system\CodeIgniter.php(406): CodeIgniter\CodeIgniter->startController()
#6 C:\xampp\htdocs\CI4\Codeigniter 4 Web\system\CodeIgniter.php(326): CodeIgniter\CodeIgniter->handleRequest(NULL, Object(Config\Cache), false)
#7 C:\xampp\htdocs\CI4\Codeigniter 4 Web\public\index.php(37): CodeIgniter\CodeIgniter->run()
#8 C:\xampp\htdocs\CI4\Codeigniter 4 Web\system\Commands\Server\rewrite.php(43): require_once('C:\\xampp\\htdocs...')
#9 {main}
CRITICAL - 2022-03-13 22:06:23 --> Class "Codeigniter\Controller" not found
#0 C:\xampp\htdocs\CI4\Codeigniter 4 Web\system\Autoloader\Autoloader.php(264): include_once()
#1 C:\xampp\htdocs\CI4\Codeigniter 4 Web\system\Autoloader\Autoloader.php(241): CodeIgniter\Autoloader\Autoloader->includeFile('C:\\xampp\\htdocs...')
#2 C:\xampp\htdocs\CI4\Codeigniter 4 Web\system\Autoloader\Autoloader.php(219): CodeIgniter\Autoloader\Autoloader->loadInNamespace('App\\Controllers...')
#3 [internal function]: CodeIgniter\Autoloader\Autoloader->loadClass('App\\Controllers...')
#4 C:\xampp\htdocs\CI4\Codeigniter 4 Web\system\CodeIgniter.php(797): class_exists('\\App\\Controller...', true)
#5 C:\xampp\htdocs\CI4\Codeigniter 4 Web\system\CodeIgniter.php(406): CodeIgniter\CodeIgniter->startController()
#6 C:\xampp\htdocs\CI4\Codeigniter 4 Web\system\CodeIgniter.php(326): CodeIgniter\CodeIgniter->handleRequest(NULL, Object(Config\Cache), false)
#7 C:\xampp\htdocs\CI4\Codeigniter 4 Web\public\index.php(37): CodeIgniter\CodeIgniter->run()
#8 C:\xampp\htdocs\CI4\Codeigniter 4 Web\system\Commands\Server\rewrite.php(43): require_once('C:\\xampp\\htdocs...')
#9 {main}
CRITICAL - 2022-03-13 22:06:24 --> Class "Codeigniter\Controller" not found
#0 C:\xampp\htdocs\CI4\Codeigniter 4 Web\system\Autoloader\Autoloader.php(264): include_once()
#1 C:\xampp\htdocs\CI4\Codeigniter 4 Web\system\Autoloader\Autoloader.php(241): CodeIgniter\Autoloader\Autoloader->includeFile('C:\\xampp\\htdocs...')
#2 C:\xampp\htdocs\CI4\Codeigniter 4 Web\system\Autoloader\Autoloader.php(219): CodeIgniter\Autoloader\Autoloader->loadInNamespace('App\\Controllers...')
#3 [internal function]: CodeIgniter\Autoloader\Autoloader->loadClass('App\\Controllers...')
#4 C:\xampp\htdocs\CI4\Codeigniter 4 Web\system\CodeIgniter.php(797): class_exists('\\App\\Controller...', true)
#5 C:\xampp\htdocs\CI4\Codeigniter 4 Web\system\CodeIgniter.php(406): CodeIgniter\CodeIgniter->startController()
#6 C:\xampp\htdocs\CI4\Codeigniter 4 Web\system\CodeIgniter.php(326): CodeIgniter\CodeIgniter->handleRequest(NULL, Object(Config\Cache), false)
#7 C:\xampp\htdocs\CI4\Codeigniter 4 Web\public\index.php(37): CodeIgniter\CodeIgniter->run()
#8 C:\xampp\htdocs\CI4\Codeigniter 4 Web\system\Commands\Server\rewrite.php(43): require_once('C:\\xampp\\htdocs...')
#9 {main}
CRITICAL - 2022-03-13 22:06:25 --> Class "Codeigniter\Controller" not found
#0 C:\xampp\htdocs\CI4\Codeigniter 4 Web\system\Autoloader\Autoloader.php(264): include_once()
#1 C:\xampp\htdocs\CI4\Codeigniter 4 Web\system\Autoloader\Autoloader.php(241): CodeIgniter\Autoloader\Autoloader->includeFile('C:\\xampp\\htdocs...')
#2 C:\xampp\htdocs\CI4\Codeigniter 4 Web\system\Autoloader\Autoloader.php(219): CodeIgniter\Autoloader\Autoloader->loadInNamespace('App\\Controllers...')
#3 [internal function]: CodeIgniter\Autoloader\Autoloader->loadClass('App\\Controllers...')
#4 C:\xampp\htdocs\CI4\Codeigniter 4 Web\system\CodeIgniter.php(797): class_exists('\\App\\Controller...', true)
#5 C:\xampp\htdocs\CI4\Codeigniter 4 Web\system\CodeIgniter.php(406): CodeIgniter\CodeIgniter->startController()
#6 C:\xampp\htdocs\CI4\Codeigniter 4 Web\system\CodeIgniter.php(326): CodeIgniter\CodeIgniter->handleRequest(NULL, Object(Config\Cache), false)
#7 C:\xampp\htdocs\CI4\Codeigniter 4 Web\public\index.php(37): CodeIgniter\CodeIgniter->run()
#8 C:\xampp\htdocs\CI4\Codeigniter 4 Web\system\Commands\Server\rewrite.php(43): require_once('C:\\xampp\\htdocs...')
#9 {main}
CRITICAL - 2022-03-13 22:06:25 --> Class "Codeigniter\Controller" not found
#0 C:\xampp\htdocs\CI4\Codeigniter 4 Web\system\Autoloader\Autoloader.php(264): include_once()
#1 C:\xampp\htdocs\CI4\Codeigniter 4 Web\system\Autoloader\Autoloader.php(241): CodeIgniter\Autoloader\Autoloader->includeFile('C:\\xampp\\htdocs...')
#2 C:\xampp\htdocs\CI4\Codeigniter 4 Web\system\Autoloader\Autoloader.php(219): CodeIgniter\Autoloader\Autoloader->loadInNamespace('App\\Controllers...')
#3 [internal function]: CodeIgniter\Autoloader\Autoloader->loadClass('App\\Controllers...')
#4 C:\xampp\htdocs\CI4\Codeigniter 4 Web\system\CodeIgniter.php(797): class_exists('\\App\\Controller...', true)
#5 C:\xampp\htdocs\CI4\Codeigniter 4 Web\system\CodeIgniter.php(406): CodeIgniter\CodeIgniter->startController()
#6 C:\xampp\htdocs\CI4\Codeigniter 4 Web\system\CodeIgniter.php(326): CodeIgniter\CodeIgniter->handleRequest(NULL, Object(Config\Cache), false)
#7 C:\xampp\htdocs\CI4\Codeigniter 4 Web\public\index.php(37): CodeIgniter\CodeIgniter->run()
#8 C:\xampp\htdocs\CI4\Codeigniter 4 Web\system\Commands\Server\rewrite.php(43): require_once('C:\\xampp\\htdocs...')
#9 {main}
CRITICAL - 2022-03-13 22:06:26 --> Class "Codeigniter\Controller" not found
#0 C:\xampp\htdocs\CI4\Codeigniter 4 Web\system\Autoloader\Autoloader.php(264): include_once()
#1 C:\xampp\htdocs\CI4\Codeigniter 4 Web\system\Autoloader\Autoloader.php(241): CodeIgniter\Autoloader\Autoloader->includeFile('C:\\xampp\\htdocs...')
#2 C:\xampp\htdocs\CI4\Codeigniter 4 Web\system\Autoloader\Autoloader.php(219): CodeIgniter\Autoloader\Autoloader->loadInNamespace('App\\Controllers...')
#3 [internal function]: CodeIgniter\Autoloader\Autoloader->loadClass('App\\Controllers...')
#4 C:\xampp\htdocs\CI4\Codeigniter 4 Web\system\CodeIgniter.php(797): class_exists('\\App\\Controller...', true)
#5 C:\xampp\htdocs\CI4\Codeigniter 4 Web\system\CodeIgniter.php(406): CodeIgniter\CodeIgniter->startController()
#6 C:\xampp\htdocs\CI4\Codeigniter 4 Web\system\CodeIgniter.php(326): CodeIgniter\CodeIgniter->handleRequest(NULL, Object(Config\Cache), false)
#7 C:\xampp\htdocs\CI4\Codeigniter 4 Web\public\index.php(37): CodeIgniter\CodeIgniter->run()
#8 C:\xampp\htdocs\CI4\Codeigniter 4 Web\system\Commands\Server\rewrite.php(43): require_once('C:\\xampp\\htdocs...')
#9 {main}
CRITICAL - 2022-03-13 22:26:11 --> Class "Codeigniter\Model" not found
#0 C:\xampp\htdocs\CI4\Codeigniter 4 Web\system\Autoloader\Autoloader.php(264): include_once()
#1 C:\xampp\htdocs\CI4\Codeigniter 4 Web\system\Autoloader\Autoloader.php(241): CodeIgniter\Autoloader\Autoloader->includeFile('C:\\xampp\\htdocs...')
#2 C:\xampp\htdocs\CI4\Codeigniter 4 Web\system\Autoloader\Autoloader.php(219): CodeIgniter\Autoloader\Autoloader->loadInNamespace('App\\Models\\User...')
#3 C:\xampp\htdocs\CI4\Codeigniter 4 Web\app\Controllers\Register.php(25): CodeIgniter\Autoloader\Autoloader->loadClass('App\\Models\\User...')
#4 C:\xampp\htdocs\CI4\Codeigniter 4 Web\system\CodeIgniter.php(832): App\Controllers\Register->save()
#5 C:\xampp\htdocs\CI4\Codeigniter 4 Web\system\CodeIgniter.php(419): CodeIgniter\CodeIgniter->runController(Object(App\Controllers\Register))
#6 C:\xampp\htdocs\CI4\Codeigniter 4 Web\system\CodeIgniter.php(326): CodeIgniter\CodeIgniter->handleRequest(NULL, Object(Config\Cache), false)
#7 C:\xampp\htdocs\CI4\Codeigniter 4 Web\public\index.php(37): CodeIgniter\CodeIgniter->run()
#8 C:\xampp\htdocs\CI4\Codeigniter 4 Web\system\Commands\Server\rewrite.php(43): require_once('C:\\xampp\\htdocs...')
#9 {main}
CRITICAL - 2022-03-13 22:26:25 --> Class "Codeigniter\Model" not found
#0 C:\xampp\htdocs\CI4\Codeigniter 4 Web\system\Autoloader\Autoloader.php(264): include_once()
#1 C:\xampp\htdocs\CI4\Codeigniter 4 Web\system\Autoloader\Autoloader.php(241): CodeIgniter\Autoloader\Autoloader->includeFile('C:\\xampp\\htdocs...')
#2 C:\xampp\htdocs\CI4\Codeigniter 4 Web\system\Autoloader\Autoloader.php(219): CodeIgniter\Autoloader\Autoloader->loadInNamespace('App\\Models\\User...')
#3 C:\xampp\htdocs\CI4\Codeigniter 4 Web\app\Controllers\Register.php(25): CodeIgniter\Autoloader\Autoloader->loadClass('App\\Models\\User...')
#4 C:\xampp\htdocs\CI4\Codeigniter 4 Web\system\CodeIgniter.php(832): App\Controllers\Register->save()
#5 C:\xampp\htdocs\CI4\Codeigniter 4 Web\system\CodeIgniter.php(419): CodeIgniter\CodeIgniter->runController(Object(App\Controllers\Register))
#6 C:\xampp\htdocs\CI4\Codeigniter 4 Web\system\CodeIgniter.php(326): CodeIgniter\CodeIgniter->handleRequest(NULL, Object(Config\Cache), false)
#7 C:\xampp\htdocs\CI4\Codeigniter 4 Web\public\index.php(37): CodeIgniter\CodeIgniter->run()
#8 C:\xampp\htdocs\CI4\Codeigniter 4 Web\system\Commands\Server\rewrite.php(43): require_once('C:\\xampp\\htdocs...')
#9 {main}
CRITICAL - 2022-03-13 22:27:20 --> Allowed fields must be specified for model: App\Models\UserModel
#0 C:\xampp\htdocs\CI4\Codeigniter 4 Web\system\BaseModel.php(1138): CodeIgniter\Database\Exceptions\DataException::forInvalidAllowedFields('App\\Models\\User...')
#1 C:\xampp\htdocs\CI4\Codeigniter 4 Web\system\BaseModel.php(713): CodeIgniter\BaseModel->doProtectFields(Array)
#2 C:\xampp\htdocs\CI4\Codeigniter 4 Web\system\Model.php(625): CodeIgniter\BaseModel->insert(Array, false)
#3 C:\xampp\htdocs\CI4\Codeigniter 4 Web\system\BaseModel.php(658): CodeIgniter\Model->insert(Array, false)
#4 C:\xampp\htdocs\CI4\Codeigniter 4 Web\app\Controllers\Register.php(31): CodeIgniter\BaseModel->save(Array)
#5 C:\xampp\htdocs\CI4\Codeigniter 4 Web\system\CodeIgniter.php(832): App\Controllers\Register->save()
#6 C:\xampp\htdocs\CI4\Codeigniter 4 Web\system\CodeIgniter.php(419): CodeIgniter\CodeIgniter->runController(Object(App\Controllers\Register))
#7 C:\xampp\htdocs\CI4\Codeigniter 4 Web\system\CodeIgniter.php(326): CodeIgniter\CodeIgniter->handleRequest(NULL, Object(Config\Cache), false)
#8 C:\xampp\htdocs\CI4\Codeigniter 4 Web\public\index.php(37): CodeIgniter\CodeIgniter->run()
#9 C:\xampp\htdocs\CI4\Codeigniter 4 Web\system\Commands\Server\rewrite.php(43): require_once('C:\\xampp\\htdocs...')
#10 {main}
CRITICAL - 2022-03-13 22:27:37 --> Allowed fields must be specified for model: App\Models\UserModel
#0 C:\xampp\htdocs\CI4\Codeigniter 4 Web\system\BaseModel.php(1138): CodeIgniter\Database\Exceptions\DataException::forInvalidAllowedFields('App\\Models\\User...')
#1 C:\xampp\htdocs\CI4\Codeigniter 4 Web\system\BaseModel.php(713): CodeIgniter\BaseModel->doProtectFields(Array)
#2 C:\xampp\htdocs\CI4\Codeigniter 4 Web\system\Model.php(625): CodeIgniter\BaseModel->insert(Array, false)
#3 C:\xampp\htdocs\CI4\Codeigniter 4 Web\system\BaseModel.php(658): CodeIgniter\Model->insert(Array, false)
#4 C:\xampp\htdocs\CI4\Codeigniter 4 Web\app\Controllers\Register.php(31): CodeIgniter\BaseModel->save(Array)
#5 C:\xampp\htdocs\CI4\Codeigniter 4 Web\system\CodeIgniter.php(832): App\Controllers\Register->save()
#6 C:\xampp\htdocs\CI4\Codeigniter 4 Web\system\CodeIgniter.php(419): CodeIgniter\CodeIgniter->runController(Object(App\Controllers\Register))
#7 C:\xampp\htdocs\CI4\Codeigniter 4 Web\system\CodeIgniter.php(326): CodeIgniter\CodeIgniter->handleRequest(NULL, Object(Config\Cache), false)
#8 C:\xampp\htdocs\CI4\Codeigniter 4 Web\public\index.php(37): CodeIgniter\CodeIgniter->run()
#9 C:\xampp\htdocs\CI4\Codeigniter 4 Web\system\Commands\Server\rewrite.php(43): require_once('C:\\xampp\\htdocs...')
#10 {main}
CRITICAL - 2022-03-13 22:28:09 --> Allowed fields must be specified for model: App\Models\UserModel
#0 C:\xampp\htdocs\CI4\Codeigniter 4 Web\system\BaseModel.php(1138): CodeIgniter\Database\Exceptions\DataException::forInvalidAllowedFields('App\\Models\\User...')
#1 C:\xampp\htdocs\CI4\Codeigniter 4 Web\system\BaseModel.php(713): CodeIgniter\BaseModel->doProtectFields(Array)
#2 C:\xampp\htdocs\CI4\Codeigniter 4 Web\system\Model.php(625): CodeIgniter\BaseModel->insert(Array, false)
#3 C:\xampp\htdocs\CI4\Codeigniter 4 Web\system\BaseModel.php(658): CodeIgniter\Model->insert(Array, false)
#4 C:\xampp\htdocs\CI4\Codeigniter 4 Web\app\Controllers\Register.php(31): CodeIgniter\BaseModel->save(Array)
#5 C:\xampp\htdocs\CI4\Codeigniter 4 Web\system\CodeIgniter.php(832): App\Controllers\Register->save()
#6 C:\xampp\htdocs\CI4\Codeigniter 4 Web\system\CodeIgniter.php(419): CodeIgniter\CodeIgniter->runController(Object(App\Controllers\Register))
#7 C:\xampp\htdocs\CI4\Codeigniter 4 Web\system\CodeIgniter.php(326): CodeIgniter\CodeIgniter->handleRequest(NULL, Object(Config\Cache), false)
#8 C:\xampp\htdocs\CI4\Codeigniter 4 Web\public\index.php(37): CodeIgniter\CodeIgniter->run()
#9 C:\xampp\htdocs\CI4\Codeigniter 4 Web\system\Commands\Server\rewrite.php(43): require_once('C:\\xampp\\htdocs...')
#10 {main}
ERROR - 2022-03-13 22:51:29 --> Error connecting to the database: No connection could be made because the target machine actively refused it
CRITICAL - 2022-03-13 22:51:29 --> Unable to connect to the database.
Main connection [MySQLi]: No connection could be made because the target machine actively refused it
#0 C:\xampp\htdocs\CI4\Codeigniter 4 Web\system\Database\BaseConnection.php(577): CodeIgniter\Database\BaseConnection->initialize()
#1 C:\xampp\htdocs\CI4\Codeigniter 4 Web\system\Database\BaseBuilder.php(1455): CodeIgniter\Database\BaseConnection->query('SELECT *\nFROM `...', Array, false)
#2 C:\xampp\htdocs\CI4\Codeigniter 4 Web\system\Model.php(210): CodeIgniter\Database\BaseBuilder->get()
#3 C:\xampp\htdocs\CI4\Codeigniter 4 Web\system\BaseModel.php(622): CodeIgniter\Model->doFirst()
#4 C:\xampp\htdocs\CI4\Codeigniter 4 Web\app\Controllers\Login.php(18): CodeIgniter\BaseModel->first()
#5 C:\xampp\htdocs\CI4\Codeigniter 4 Web\system\CodeIgniter.php(832): App\Controllers\Login->auth()
#6 C:\xampp\htdocs\CI4\Codeigniter 4 Web\system\CodeIgniter.php(419): CodeIgniter\CodeIgniter->runController(Object(App\Controllers\Login))
#7 C:\xampp\htdocs\CI4\Codeigniter 4 Web\system\CodeIgniter.php(326): CodeIgniter\CodeIgniter->handleRequest(NULL, Object(Config\Cache), false)
#8 C:\xampp\htdocs\CI4\Codeigniter 4 Web\public\index.php(37): CodeIgniter\CodeIgniter->run()
#9 C:\xampp\htdocs\CI4\Codeigniter 4 Web\system\Commands\Server\rewrite.php(43): require_once('C:\\xampp\\htdocs...')
#10 {main}
