CRITICAL - 2022-04-03 00:10:25 --> Call to undefined method App\Models\UserModel::register
#0 C:\xampp\htdocs\CI4\Codeigniter 4 Web\app\Controllers\Register.php(34): CodeIgniter\Model->__call('register', Array)
#1 C:\xampp\htdocs\CI4\Codeigniter 4 Web\system\CodeIgniter.php(832): App\Controllers\Register->save()
#2 C:\xampp\htdocs\CI4\Codeigniter 4 Web\system\CodeIgniter.php(419): CodeIgniter\CodeIgniter->runController(Object(App\Controllers\Register))
#3 C:\xampp\htdocs\CI4\Codeigniter 4 Web\system\CodeIgniter.php(326): CodeIgniter\CodeIgniter->handleRequest(NULL, Object(Config\Cache), false)
#4 C:\xampp\htdocs\CI4\Codeigniter 4 Web\public\index.php(37): CodeIgniter\CodeIgniter->run()
#5 C:\xampp\htdocs\CI4\Codeigniter 4 Web\system\Commands\Server\rewrite.php(43): require_once('C:\\xampp\\htdocs...')
#6 {main}
CRITICAL - 2022-04-03 00:11:07 --> Call to undefined method App\Models\UserModel::register
#0 C:\xampp\htdocs\CI4\Codeigniter 4 Web\app\Controllers\Register.php(34): CodeIgniter\Model->__call('register', Array)
#1 C:\xampp\htdocs\CI4\Codeigniter 4 Web\system\CodeIgniter.php(832): App\Controllers\Register->save()
#2 C:\xampp\htdocs\CI4\Codeigniter 4 Web\system\CodeIgniter.php(419): CodeIgniter\CodeIgniter->runController(Object(App\Controllers\Register))
#3 C:\xampp\htdocs\CI4\Codeigniter 4 Web\system\CodeIgniter.php(326): CodeIgniter\CodeIgniter->handleRequest(NULL, Object(Config\Cache), false)
#4 C:\xampp\htdocs\CI4\Codeigniter 4 Web\public\index.php(37): CodeIgniter\CodeIgniter->run()
#5 C:\xampp\htdocs\CI4\Codeigniter 4 Web\system\Commands\Server\rewrite.php(43): require_once('C:\\xampp\\htdocs...')
#6 {main}
CRITICAL - 2022-04-03 00:11:50 --> Call to undefined method App\Models\UserModel::register
#0 C:\xampp\htdocs\CI4\Codeigniter 4 Web\app\Controllers\Register.php(34): CodeIgniter\Model->__call('register', Array)
#1 C:\xampp\htdocs\CI4\Codeigniter 4 Web\system\CodeIgniter.php(832): App\Controllers\Register->save()
#2 C:\xampp\htdocs\CI4\Codeigniter 4 Web\system\CodeIgniter.php(419): CodeIgniter\CodeIgniter->runController(Object(App\Controllers\Register))
#3 C:\xampp\htdocs\CI4\Codeigniter 4 Web\system\CodeIgniter.php(326): CodeIgniter\CodeIgniter->handleRequest(NULL, Object(Config\Cache), false)
#4 C:\xampp\htdocs\CI4\Codeigniter 4 Web\public\index.php(37): CodeIgniter\CodeIgniter->run()
#5 C:\xampp\htdocs\CI4\Codeigniter 4 Web\system\Commands\Server\rewrite.php(43): require_once('C:\\xampp\\htdocs...')
#6 {main}
CRITICAL - 2022-04-03 00:12:12 --> Call to undefined method App\Models\UserModel::register
#0 C:\xampp\htdocs\CI4\Codeigniter 4 Web\app\Controllers\Register.php(34): CodeIgniter\Model->__call('register', Array)
#1 C:\xampp\htdocs\CI4\Codeigniter 4 Web\system\CodeIgniter.php(832): App\Controllers\Register->save()
#2 C:\xampp\htdocs\CI4\Codeigniter 4 Web\system\CodeIgniter.php(419): CodeIgniter\CodeIgniter->runController(Object(App\Controllers\Register))
#3 C:\xampp\htdocs\CI4\Codeigniter 4 Web\system\CodeIgniter.php(326): CodeIgniter\CodeIgniter->handleRequest(NULL, Object(Config\Cache), false)
#4 C:\xampp\htdocs\CI4\Codeigniter 4 Web\public\index.php(37): CodeIgniter\CodeIgniter->run()
#5 C:\xampp\htdocs\CI4\Codeigniter 4 Web\system\Commands\Server\rewrite.php(43): require_once('C:\\xampp\\htdocs...')
#6 {main}
CRITICAL - 2022-04-03 00:13:09 --> Call to undefined method App\Models\UserModel::register
#0 C:\xampp\htdocs\CI4\Codeigniter 4 Web\app\Controllers\Register.php(34): CodeIgniter\Model->__call('register', Array)
#1 C:\xampp\htdocs\CI4\Codeigniter 4 Web\system\CodeIgniter.php(832): App\Controllers\Register->save()
#2 C:\xampp\htdocs\CI4\Codeigniter 4 Web\system\CodeIgniter.php(419): CodeIgniter\CodeIgniter->runController(Object(App\Controllers\Register))
#3 C:\xampp\htdocs\CI4\Codeigniter 4 Web\system\CodeIgniter.php(326): CodeIgniter\CodeIgniter->handleRequest(NULL, Object(Config\Cache), false)
#4 C:\xampp\htdocs\CI4\Codeigniter 4 Web\public\index.php(37): CodeIgniter\CodeIgniter->run()
#5 C:\xampp\htdocs\CI4\Codeigniter 4 Web\system\Commands\Server\rewrite.php(43): require_once('C:\\xampp\\htdocs...')
#6 {main}
CRITICAL - 2022-04-03 00:16:26 --> Call to undefined method App\Models\UserModel::register
#0 C:\xampp\htdocs\CI4\Codeigniter 4 Web\app\Controllers\Register.php(34): CodeIgniter\Model->__call('register', Array)
#1 C:\xampp\htdocs\CI4\Codeigniter 4 Web\system\CodeIgniter.php(832): App\Controllers\Register->save()
#2 C:\xampp\htdocs\CI4\Codeigniter 4 Web\system\CodeIgniter.php(419): CodeIgniter\CodeIgniter->runController(Object(App\Controllers\Register))
#3 C:\xampp\htdocs\CI4\Codeigniter 4 Web\system\CodeIgniter.php(326): CodeIgniter\CodeIgniter->handleRequest(NULL, Object(Config\Cache), false)
#4 C:\xampp\htdocs\CI4\Codeigniter 4 Web\public\index.php(37): CodeIgniter\CodeIgniter->run()
#5 C:\xampp\htdocs\CI4\Codeigniter 4 Web\system\Commands\Server\rewrite.php(43): require_once('C:\\xampp\\htdocs...')
#6 {main}
CRITICAL - 2022-04-03 00:17:16 --> Call to undefined method App\Models\UserModel::register
#0 C:\xampp\htdocs\CI4\Codeigniter 4 Web\app\Controllers\Register.php(34): CodeIgniter\Model->__call('register', Array)
#1 C:\xampp\htdocs\CI4\Codeigniter 4 Web\system\CodeIgniter.php(832): App\Controllers\Register->save()
#2 C:\xampp\htdocs\CI4\Codeigniter 4 Web\system\CodeIgniter.php(419): CodeIgniter\CodeIgniter->runController(Object(App\Controllers\Register))
#3 C:\xampp\htdocs\CI4\Codeigniter 4 Web\system\CodeIgniter.php(326): CodeIgniter\CodeIgniter->handleRequest(NULL, Object(Config\Cache), false)
#4 C:\xampp\htdocs\CI4\Codeigniter 4 Web\public\index.php(37): CodeIgniter\CodeIgniter->run()
#5 C:\xampp\htdocs\CI4\Codeigniter 4 Web\system\Commands\Server\rewrite.php(43): require_once('C:\\xampp\\htdocs...')
#6 {main}
CRITICAL - 2022-04-03 00:17:18 --> Call to undefined method App\Models\UserModel::register
#0 C:\xampp\htdocs\CI4\Codeigniter 4 Web\app\Controllers\Register.php(34): CodeIgniter\Model->__call('register', Array)
#1 C:\xampp\htdocs\CI4\Codeigniter 4 Web\system\CodeIgniter.php(832): App\Controllers\Register->save()
#2 C:\xampp\htdocs\CI4\Codeigniter 4 Web\system\CodeIgniter.php(419): CodeIgniter\CodeIgniter->runController(Object(App\Controllers\Register))
#3 C:\xampp\htdocs\CI4\Codeigniter 4 Web\system\CodeIgniter.php(326): CodeIgniter\CodeIgniter->handleRequest(NULL, Object(Config\Cache), false)
#4 C:\xampp\htdocs\CI4\Codeigniter 4 Web\public\index.php(37): CodeIgniter\CodeIgniter->run()
#5 C:\xampp\htdocs\CI4\Codeigniter 4 Web\system\Commands\Server\rewrite.php(43): require_once('C:\\xampp\\htdocs...')
#6 {main}
CRITICAL - 2022-04-03 00:18:12 --> Call to undefined method App\Models\UserModel::register
#0 C:\xampp\htdocs\CI4\Codeigniter 4 Web\app\Controllers\Register.php(34): CodeIgniter\Model->__call('register', Array)
#1 C:\xampp\htdocs\CI4\Codeigniter 4 Web\system\CodeIgniter.php(832): App\Controllers\Register->save()
#2 C:\xampp\htdocs\CI4\Codeigniter 4 Web\system\CodeIgniter.php(419): CodeIgniter\CodeIgniter->runController(Object(App\Controllers\Register))
#3 C:\xampp\htdocs\CI4\Codeigniter 4 Web\system\CodeIgniter.php(326): CodeIgniter\CodeIgniter->handleRequest(NULL, Object(Config\Cache), false)
#4 C:\xampp\htdocs\CI4\Codeigniter 4 Web\public\index.php(37): CodeIgniter\CodeIgniter->run()
#5 C:\xampp\htdocs\CI4\Codeigniter 4 Web\system\Commands\Server\rewrite.php(43): require_once('C:\\xampp\\htdocs...')
#6 {main}
ERROR - 2022-04-03 00:54:47 --> Error connecting to the database: No connection could be made because the target machine actively refused it
CRITICAL - 2022-04-03 00:54:47 --> Unable to connect to the database.
Main connection [MySQLi]: No connection could be made because the target machine actively refused it
#0 C:\xampp\htdocs\CI4\Codeigniter 4 Web\system\Database\BaseConnection.php(577): CodeIgniter\Database\BaseConnection->initialize()
#1 C:\xampp\htdocs\CI4\Codeigniter 4 Web\system\Database\BaseBuilder.php(1455): CodeIgniter\Database\BaseConnection->query('SELECT *\nFROM `...', Array, false)
#2 C:\xampp\htdocs\CI4\Codeigniter 4 Web\system\Model.php(183): CodeIgniter\Database\BaseBuilder->get()
#3 C:\xampp\htdocs\CI4\Codeigniter 4 Web\system\BaseModel.php(584): CodeIgniter\Model->doFindAll(0, 0)
#4 C:\xampp\htdocs\CI4\Codeigniter 4 Web\app\Controllers\Admin.php(10): CodeIgniter\BaseModel->findAll()
#5 C:\xampp\htdocs\CI4\Codeigniter 4 Web\system\CodeIgniter.php(832): App\Controllers\Admin->userlist()
#6 C:\xampp\htdocs\CI4\Codeigniter 4 Web\system\CodeIgniter.php(419): CodeIgniter\CodeIgniter->runController(Object(App\Controllers\Admin))
#7 C:\xampp\htdocs\CI4\Codeigniter 4 Web\system\CodeIgniter.php(326): CodeIgniter\CodeIgniter->handleRequest(NULL, Object(Config\Cache), false)
#8 C:\xampp\htdocs\CI4\Codeigniter 4 Web\public\index.php(37): CodeIgniter\CodeIgniter->run()
#9 C:\xampp\htdocs\CI4\Codeigniter 4 Web\system\Commands\Server\rewrite.php(43): require_once('C:\\xampp\\htdocs...')
#10 {main}
ERROR - 2022-04-03 00:54:52 --> Error connecting to the database: No connection could be made because the target machine actively refused it
CRITICAL - 2022-04-03 00:54:52 --> Unable to connect to the database.
Main connection [MySQLi]: No connection could be made because the target machine actively refused it
#0 C:\xampp\htdocs\CI4\Codeigniter 4 Web\system\Database\BaseConnection.php(577): CodeIgniter\Database\BaseConnection->initialize()
#1 C:\xampp\htdocs\CI4\Codeigniter 4 Web\system\Database\BaseBuilder.php(1455): CodeIgniter\Database\BaseConnection->query('SELECT *\nFROM `...', Array, false)
#2 C:\xampp\htdocs\CI4\Codeigniter 4 Web\system\Model.php(183): CodeIgniter\Database\BaseBuilder->get()
#3 C:\xampp\htdocs\CI4\Codeigniter 4 Web\system\BaseModel.php(584): CodeIgniter\Model->doFindAll(0, 0)
#4 C:\xampp\htdocs\CI4\Codeigniter 4 Web\app\Controllers\Admin.php(10): CodeIgniter\BaseModel->findAll()
#5 C:\xampp\htdocs\CI4\Codeigniter 4 Web\system\CodeIgniter.php(832): App\Controllers\Admin->userlist()
#6 C:\xampp\htdocs\CI4\Codeigniter 4 Web\system\CodeIgniter.php(419): CodeIgniter\CodeIgniter->runController(Object(App\Controllers\Admin))
#7 C:\xampp\htdocs\CI4\Codeigniter 4 Web\system\CodeIgniter.php(326): CodeIgniter\CodeIgniter->handleRequest(NULL, Object(Config\Cache), false)
#8 C:\xampp\htdocs\CI4\Codeigniter 4 Web\public\index.php(37): CodeIgniter\CodeIgniter->run()
#9 C:\xampp\htdocs\CI4\Codeigniter 4 Web\system\Commands\Server\rewrite.php(43): require_once('C:\\xampp\\htdocs...')
#10 {main}
