CRITICAL - 2022-03-17 02:38:19 --> syntax error, unexpected double-quoted string "></a>", expecting "," or ";"
#0 C:\xampp\htdocs\CI4\Codeigniter 4 Web\system\View\View.php(213): CodeIgniter\View\View->CodeIgniter\View\{closure}()
#1 C:\xampp\htdocs\CI4\Codeigniter 4 Web\system\Common.php(1089): CodeIgniter\View\View->render('listuser', Array, true)
#2 C:\xampp\htdocs\CI4\Codeigniter 4 Web\app\Controllers\ListUser.php(11): view('listuser', Array)
#3 C:\xampp\htdocs\CI4\Codeigniter 4 Web\system\CodeIgniter.php(832): App\Controllers\ListUser->index()
#4 C:\xampp\htdocs\CI4\Codeigniter 4 Web\system\CodeIgniter.php(419): CodeIgniter\CodeIgniter->runController(Object(App\Controllers\ListUser))
#5 C:\xampp\htdocs\CI4\Codeigniter 4 Web\system\CodeIgniter.php(326): CodeIgniter\CodeIgniter->handleRequest(NULL, Object(Config\Cache), false)
#6 C:\xampp\htdocs\CI4\Codeigniter 4 Web\public\index.php(37): CodeIgniter\CodeIgniter->run()
#7 C:\xampp\htdocs\CI4\Codeigniter 4 Web\system\Commands\Server\rewrite.php(43): require_once('C:\\xampp\\htdocs...')
#8 {main}
CRITICAL - 2022-03-17 02:38:20 --> syntax error, unexpected double-quoted string "></a>", expecting "," or ";"
#0 C:\xampp\htdocs\CI4\Codeigniter 4 Web\system\View\View.php(213): CodeIgniter\View\View->CodeIgniter\View\{closure}()
#1 C:\xampp\htdocs\CI4\Codeigniter 4 Web\system\Common.php(1089): CodeIgniter\View\View->render('listuser', Array, true)
#2 C:\xampp\htdocs\CI4\Codeigniter 4 Web\app\Controllers\ListUser.php(11): view('listuser', Array)
#3 C:\xampp\htdocs\CI4\Codeigniter 4 Web\system\CodeIgniter.php(832): App\Controllers\ListUser->index()
#4 C:\xampp\htdocs\CI4\Codeigniter 4 Web\system\CodeIgniter.php(419): CodeIgniter\CodeIgniter->runController(Object(App\Controllers\ListUser))
#5 C:\xampp\htdocs\CI4\Codeigniter 4 Web\system\CodeIgniter.php(326): CodeIgniter\CodeIgniter->handleRequest(NULL, Object(Config\Cache), false)
#6 C:\xampp\htdocs\CI4\Codeigniter 4 Web\public\index.php(37): CodeIgniter\CodeIgniter->run()
#7 C:\xampp\htdocs\CI4\Codeigniter 4 Web\system\Commands\Server\rewrite.php(43): require_once('C:\\xampp\\htdocs...')
#8 {main}
CRITICAL - 2022-03-17 02:40:15 --> syntax error, unexpected token "endforeach", expecting end of file
#0 C:\xampp\htdocs\CI4\Codeigniter 4 Web\system\View\View.php(213): CodeIgniter\View\View->CodeIgniter\View\{closure}()
#1 C:\xampp\htdocs\CI4\Codeigniter 4 Web\system\Common.php(1089): CodeIgniter\View\View->render('listuser', Array, true)
#2 C:\xampp\htdocs\CI4\Codeigniter 4 Web\app\Controllers\ListUser.php(11): view('listuser', Array)
#3 C:\xampp\htdocs\CI4\Codeigniter 4 Web\system\CodeIgniter.php(832): App\Controllers\ListUser->index()
#4 C:\xampp\htdocs\CI4\Codeigniter 4 Web\system\CodeIgniter.php(419): CodeIgniter\CodeIgniter->runController(Object(App\Controllers\ListUser))
#5 C:\xampp\htdocs\CI4\Codeigniter 4 Web\system\CodeIgniter.php(326): CodeIgniter\CodeIgniter->handleRequest(NULL, Object(Config\Cache), false)
#6 C:\xampp\htdocs\CI4\Codeigniter 4 Web\public\index.php(37): CodeIgniter\CodeIgniter->run()
#7 C:\xampp\htdocs\CI4\Codeigniter 4 Web\system\Commands\Server\rewrite.php(43): require_once('C:\\xampp\\htdocs...')
#8 {main}
CRITICAL - 2022-03-17 02:40:16 --> syntax error, unexpected token "endforeach", expecting end of file
#0 C:\xampp\htdocs\CI4\Codeigniter 4 Web\system\View\View.php(213): CodeIgniter\View\View->CodeIgniter\View\{closure}()
#1 C:\xampp\htdocs\CI4\Codeigniter 4 Web\system\Common.php(1089): CodeIgniter\View\View->render('listuser', Array, true)
#2 C:\xampp\htdocs\CI4\Codeigniter 4 Web\app\Controllers\ListUser.php(11): view('listuser', Array)
#3 C:\xampp\htdocs\CI4\Codeigniter 4 Web\system\CodeIgniter.php(832): App\Controllers\ListUser->index()
#4 C:\xampp\htdocs\CI4\Codeigniter 4 Web\system\CodeIgniter.php(419): CodeIgniter\CodeIgniter->runController(Object(App\Controllers\ListUser))
#5 C:\xampp\htdocs\CI4\Codeigniter 4 Web\system\CodeIgniter.php(326): CodeIgniter\CodeIgniter->handleRequest(NULL, Object(Config\Cache), false)
#6 C:\xampp\htdocs\CI4\Codeigniter 4 Web\public\index.php(37): CodeIgniter\CodeIgniter->run()
#7 C:\xampp\htdocs\CI4\Codeigniter 4 Web\system\Commands\Server\rewrite.php(43): require_once('C:\\xampp\\htdocs...')
#8 {main}
CRITICAL - 2022-03-17 02:40:17 --> syntax error, unexpected token "endforeach", expecting end of file
#0 C:\xampp\htdocs\CI4\Codeigniter 4 Web\system\View\View.php(213): CodeIgniter\View\View->CodeIgniter\View\{closure}()
#1 C:\xampp\htdocs\CI4\Codeigniter 4 Web\system\Common.php(1089): CodeIgniter\View\View->render('listuser', Array, true)
#2 C:\xampp\htdocs\CI4\Codeigniter 4 Web\app\Controllers\ListUser.php(11): view('listuser', Array)
#3 C:\xampp\htdocs\CI4\Codeigniter 4 Web\system\CodeIgniter.php(832): App\Controllers\ListUser->index()
#4 C:\xampp\htdocs\CI4\Codeigniter 4 Web\system\CodeIgniter.php(419): CodeIgniter\CodeIgniter->runController(Object(App\Controllers\ListUser))
#5 C:\xampp\htdocs\CI4\Codeigniter 4 Web\system\CodeIgniter.php(326): CodeIgniter\CodeIgniter->handleRequest(NULL, Object(Config\Cache), false)
#6 C:\xampp\htdocs\CI4\Codeigniter 4 Web\public\index.php(37): CodeIgniter\CodeIgniter->run()
#7 C:\xampp\htdocs\CI4\Codeigniter 4 Web\system\Commands\Server\rewrite.php(43): require_once('C:\\xampp\\htdocs...')
#8 {main}
CRITICAL - 2022-03-17 02:40:17 --> syntax error, unexpected token "endforeach", expecting end of file
#0 C:\xampp\htdocs\CI4\Codeigniter 4 Web\system\View\View.php(213): CodeIgniter\View\View->CodeIgniter\View\{closure}()
#1 C:\xampp\htdocs\CI4\Codeigniter 4 Web\system\Common.php(1089): CodeIgniter\View\View->render('listuser', Array, true)
#2 C:\xampp\htdocs\CI4\Codeigniter 4 Web\app\Controllers\ListUser.php(11): view('listuser', Array)
#3 C:\xampp\htdocs\CI4\Codeigniter 4 Web\system\CodeIgniter.php(832): App\Controllers\ListUser->index()
#4 C:\xampp\htdocs\CI4\Codeigniter 4 Web\system\CodeIgniter.php(419): CodeIgniter\CodeIgniter->runController(Object(App\Controllers\ListUser))
#5 C:\xampp\htdocs\CI4\Codeigniter 4 Web\system\CodeIgniter.php(326): CodeIgniter\CodeIgniter->handleRequest(NULL, Object(Config\Cache), false)
#6 C:\xampp\htdocs\CI4\Codeigniter 4 Web\public\index.php(37): CodeIgniter\CodeIgniter->run()
#7 C:\xampp\htdocs\CI4\Codeigniter 4 Web\system\Commands\Server\rewrite.php(43): require_once('C:\\xampp\\htdocs...')
#8 {main}
CRITICAL - 2022-03-17 02:40:17 --> syntax error, unexpected token "endforeach", expecting end of file
#0 C:\xampp\htdocs\CI4\Codeigniter 4 Web\system\View\View.php(213): CodeIgniter\View\View->CodeIgniter\View\{closure}()
#1 C:\xampp\htdocs\CI4\Codeigniter 4 Web\system\Common.php(1089): CodeIgniter\View\View->render('listuser', Array, true)
#2 C:\xampp\htdocs\CI4\Codeigniter 4 Web\app\Controllers\ListUser.php(11): view('listuser', Array)
#3 C:\xampp\htdocs\CI4\Codeigniter 4 Web\system\CodeIgniter.php(832): App\Controllers\ListUser->index()
#4 C:\xampp\htdocs\CI4\Codeigniter 4 Web\system\CodeIgniter.php(419): CodeIgniter\CodeIgniter->runController(Object(App\Controllers\ListUser))
#5 C:\xampp\htdocs\CI4\Codeigniter 4 Web\system\CodeIgniter.php(326): CodeIgniter\CodeIgniter->handleRequest(NULL, Object(Config\Cache), false)
#6 C:\xampp\htdocs\CI4\Codeigniter 4 Web\public\index.php(37): CodeIgniter\CodeIgniter->run()
#7 C:\xampp\htdocs\CI4\Codeigniter 4 Web\system\Commands\Server\rewrite.php(43): require_once('C:\\xampp\\htdocs...')
#8 {main}
CRITICAL - 2022-03-17 02:40:18 --> syntax error, unexpected token "endforeach", expecting end of file
#0 C:\xampp\htdocs\CI4\Codeigniter 4 Web\system\View\View.php(213): CodeIgniter\View\View->CodeIgniter\View\{closure}()
#1 C:\xampp\htdocs\CI4\Codeigniter 4 Web\system\Common.php(1089): CodeIgniter\View\View->render('listuser', Array, true)
#2 C:\xampp\htdocs\CI4\Codeigniter 4 Web\app\Controllers\ListUser.php(11): view('listuser', Array)
#3 C:\xampp\htdocs\CI4\Codeigniter 4 Web\system\CodeIgniter.php(832): App\Controllers\ListUser->index()
#4 C:\xampp\htdocs\CI4\Codeigniter 4 Web\system\CodeIgniter.php(419): CodeIgniter\CodeIgniter->runController(Object(App\Controllers\ListUser))
#5 C:\xampp\htdocs\CI4\Codeigniter 4 Web\system\CodeIgniter.php(326): CodeIgniter\CodeIgniter->handleRequest(NULL, Object(Config\Cache), false)
#6 C:\xampp\htdocs\CI4\Codeigniter 4 Web\public\index.php(37): CodeIgniter\CodeIgniter->run()
#7 C:\xampp\htdocs\CI4\Codeigniter 4 Web\system\Commands\Server\rewrite.php(43): require_once('C:\\xampp\\htdocs...')
#8 {main}
CRITICAL - 2022-03-17 03:25:59 --> syntax error, unexpected token "."
#0 C:\xampp\htdocs\CI4\Codeigniter 4 Web\system\View\View.php(213): CodeIgniter\View\View->CodeIgniter\View\{closure}()
#1 C:\xampp\htdocs\CI4\Codeigniter 4 Web\system\Common.php(1089): CodeIgniter\View\View->render('dashboard', Array, true)
#2 C:\xampp\htdocs\CI4\Codeigniter 4 Web\app\Controllers\Dashboard.php(7): view('dashboard')
#3 C:\xampp\htdocs\CI4\Codeigniter 4 Web\system\CodeIgniter.php(832): App\Controllers\Dashboard->index()
#4 C:\xampp\htdocs\CI4\Codeigniter 4 Web\system\CodeIgniter.php(419): CodeIgniter\CodeIgniter->runController(Object(App\Controllers\Dashboard))
#5 C:\xampp\htdocs\CI4\Codeigniter 4 Web\system\CodeIgniter.php(326): CodeIgniter\CodeIgniter->handleRequest(NULL, Object(Config\Cache), false)
#6 C:\xampp\htdocs\CI4\Codeigniter 4 Web\public\index.php(37): CodeIgniter\CodeIgniter->run()
#7 C:\xampp\htdocs\CI4\Codeigniter 4 Web\system\Commands\Server\rewrite.php(43): require_once('C:\\xampp\\htdocs...')
#8 {main}
