ERROR - 2022-04-01 20:43:08 --> Error connecting to the database: No connection could be made because the target machine actively refused it
CRITICAL - 2022-04-01 20:43:08 --> Unable to connect to the database.
Main connection [MySQLi]: No connection could be made because the target machine actively refused it
#0 C:\xampp\htdocs\CI4\Codeigniter 4 Web\system\Database\BaseConnection.php(577): CodeIgniter\Database\BaseConnection->initialize()
#1 C:\xampp\htdocs\CI4\Codeigniter 4 Web\system\Database\BaseBuilder.php(1455): CodeIgniter\Database\BaseConnection->query('SELECT *\nFROM `...', Array, false)
#2 C:\xampp\htdocs\CI4\Codeigniter 4 Web\system\Model.php(183): CodeIgniter\Database\BaseBuilder->get()
#3 C:\xampp\htdocs\CI4\Codeigniter 4 Web\system\BaseModel.php(584): CodeIgniter\Model->doFindAll(0, 0)
#4 C:\xampp\htdocs\CI4\Codeigniter 4 Web\app\Controllers\Admin.php(10): CodeIgniter\BaseModel->findAll()
#5 C:\xampp\htdocs\CI4\Codeigniter 4 Web\system\CodeIgniter.php(832): App\Controllers\Admin->showuser()
#6 C:\xampp\htdocs\CI4\Codeigniter 4 Web\system\CodeIgniter.php(419): CodeIgniter\CodeIgniter->runController(Object(App\Controllers\Admin))
#7 C:\xampp\htdocs\CI4\Codeigniter 4 Web\system\CodeIgniter.php(326): CodeIgniter\CodeIgniter->handleRequest(NULL, Object(Config\Cache), false)
#8 C:\xampp\htdocs\CI4\Codeigniter 4 Web\public\index.php(37): CodeIgniter\CodeIgniter->run()
#9 C:\xampp\htdocs\CI4\Codeigniter 4 Web\system\Commands\Server\rewrite.php(43): require_once('C:\\xampp\\htdocs...')
#10 {main}
ERROR - 2022-04-01 20:43:12 --> Error connecting to the database: No connection could be made because the target machine actively refused it
CRITICAL - 2022-04-01 20:43:12 --> Unable to connect to the database.
Main connection [MySQLi]: No connection could be made because the target machine actively refused it
#0 C:\xampp\htdocs\CI4\Codeigniter 4 Web\system\Database\BaseConnection.php(577): CodeIgniter\Database\BaseConnection->initialize()
#1 C:\xampp\htdocs\CI4\Codeigniter 4 Web\system\Database\BaseBuilder.php(1455): CodeIgniter\Database\BaseConnection->query('SELECT *\nFROM `...', Array, false)
#2 C:\xampp\htdocs\CI4\Codeigniter 4 Web\system\Model.php(183): CodeIgniter\Database\BaseBuilder->get()
#3 C:\xampp\htdocs\CI4\Codeigniter 4 Web\system\BaseModel.php(584): CodeIgniter\Model->doFindAll(0, 0)
#4 C:\xampp\htdocs\CI4\Codeigniter 4 Web\app\Controllers\Admin.php(10): CodeIgniter\BaseModel->findAll()
#5 C:\xampp\htdocs\CI4\Codeigniter 4 Web\system\CodeIgniter.php(832): App\Controllers\Admin->showuser()
#6 C:\xampp\htdocs\CI4\Codeigniter 4 Web\system\CodeIgniter.php(419): CodeIgniter\CodeIgniter->runController(Object(App\Controllers\Admin))
#7 C:\xampp\htdocs\CI4\Codeigniter 4 Web\system\CodeIgniter.php(326): CodeIgniter\CodeIgniter->handleRequest(NULL, Object(Config\Cache), false)
#8 C:\xampp\htdocs\CI4\Codeigniter 4 Web\public\index.php(37): CodeIgniter\CodeIgniter->run()
#9 C:\xampp\htdocs\CI4\Codeigniter 4 Web\system\Commands\Server\rewrite.php(43): require_once('C:\\xampp\\htdocs...')
#10 {main}
CRITICAL - 2022-04-01 21:09:00 --> Undefined variable $field
#0 C:\xampp\htdocs\CI4\Codeigniter 4 Web\app\Views\admin\admin.php(92): CodeIgniter\Debug\Exceptions->errorHandler(2, 'Undefined varia...', 'C:\\xampp\\htdocs...', 92)
#1 C:\xampp\htdocs\CI4\Codeigniter 4 Web\system\View\View.php(210): include('C:\\xampp\\htdocs...')
#2 C:\xampp\htdocs\CI4\Codeigniter 4 Web\system\View\View.php(213): CodeIgniter\View\View->CodeIgniter\View\{closure}()
#3 C:\xampp\htdocs\CI4\Codeigniter 4 Web\system\Common.php(1089): CodeIgniter\View\View->render('/admin/admin', Array, true)
#4 C:\xampp\htdocs\CI4\Codeigniter 4 Web\app\Controllers\Admin.php(11): view('/admin/admin', Array)
#5 C:\xampp\htdocs\CI4\Codeigniter 4 Web\system\CodeIgniter.php(832): App\Controllers\Admin->showuser()
#6 C:\xampp\htdocs\CI4\Codeigniter 4 Web\system\CodeIgniter.php(419): CodeIgniter\CodeIgniter->runController(Object(App\Controllers\Admin))
#7 C:\xampp\htdocs\CI4\Codeigniter 4 Web\system\CodeIgniter.php(326): CodeIgniter\CodeIgniter->handleRequest(NULL, Object(Config\Cache), false)
#8 C:\xampp\htdocs\CI4\Codeigniter 4 Web\public\index.php(37): CodeIgniter\CodeIgniter->run()
#9 C:\xampp\htdocs\CI4\Codeigniter 4 Web\system\Commands\Server\rewrite.php(43): require_once('C:\\xampp\\htdocs...')
#10 {main}
CRITICAL - 2022-04-01 21:09:01 --> Undefined variable $field
#0 C:\xampp\htdocs\CI4\Codeigniter 4 Web\app\Views\admin\admin.php(92): CodeIgniter\Debug\Exceptions->errorHandler(2, 'Undefined varia...', 'C:\\xampp\\htdocs...', 92)
#1 C:\xampp\htdocs\CI4\Codeigniter 4 Web\system\View\View.php(210): include('C:\\xampp\\htdocs...')
#2 C:\xampp\htdocs\CI4\Codeigniter 4 Web\system\View\View.php(213): CodeIgniter\View\View->CodeIgniter\View\{closure}()
#3 C:\xampp\htdocs\CI4\Codeigniter 4 Web\system\Common.php(1089): CodeIgniter\View\View->render('/admin/admin', Array, true)
#4 C:\xampp\htdocs\CI4\Codeigniter 4 Web\app\Controllers\Admin.php(11): view('/admin/admin', Array)
#5 C:\xampp\htdocs\CI4\Codeigniter 4 Web\system\CodeIgniter.php(832): App\Controllers\Admin->showuser()
#6 C:\xampp\htdocs\CI4\Codeigniter 4 Web\system\CodeIgniter.php(419): CodeIgniter\CodeIgniter->runController(Object(App\Controllers\Admin))
#7 C:\xampp\htdocs\CI4\Codeigniter 4 Web\system\CodeIgniter.php(326): CodeIgniter\CodeIgniter->handleRequest(NULL, Object(Config\Cache), false)
#8 C:\xampp\htdocs\CI4\Codeigniter 4 Web\public\index.php(37): CodeIgniter\CodeIgniter->run()
#9 C:\xampp\htdocs\CI4\Codeigniter 4 Web\system\Commands\Server\rewrite.php(43): require_once('C:\\xampp\\htdocs...')
#10 {main}
CRITICAL - 2022-04-01 21:09:39 --> Undefined variable $field
#0 C:\xampp\htdocs\CI4\Codeigniter 4 Web\app\Views\admin\admin.php(93): CodeIgniter\Debug\Exceptions->errorHandler(2, 'Undefined varia...', 'C:\\xampp\\htdocs...', 93)
#1 C:\xampp\htdocs\CI4\Codeigniter 4 Web\system\View\View.php(210): include('C:\\xampp\\htdocs...')
#2 C:\xampp\htdocs\CI4\Codeigniter 4 Web\system\View\View.php(213): CodeIgniter\View\View->CodeIgniter\View\{closure}()
#3 C:\xampp\htdocs\CI4\Codeigniter 4 Web\system\Common.php(1089): CodeIgniter\View\View->render('/admin/admin', Array, true)
#4 C:\xampp\htdocs\CI4\Codeigniter 4 Web\app\Controllers\Admin.php(11): view('/admin/admin', Array)
#5 C:\xampp\htdocs\CI4\Codeigniter 4 Web\system\CodeIgniter.php(832): App\Controllers\Admin->showuser()
#6 C:\xampp\htdocs\CI4\Codeigniter 4 Web\system\CodeIgniter.php(419): CodeIgniter\CodeIgniter->runController(Object(App\Controllers\Admin))
#7 C:\xampp\htdocs\CI4\Codeigniter 4 Web\system\CodeIgniter.php(326): CodeIgniter\CodeIgniter->handleRequest(NULL, Object(Config\Cache), false)
#8 C:\xampp\htdocs\CI4\Codeigniter 4 Web\public\index.php(37): CodeIgniter\CodeIgniter->run()
#9 C:\xampp\htdocs\CI4\Codeigniter 4 Web\system\Commands\Server\rewrite.php(43): require_once('C:\\xampp\\htdocs...')
#10 {main}
CRITICAL - 2022-04-01 21:09:40 --> Undefined variable $field
#0 C:\xampp\htdocs\CI4\Codeigniter 4 Web\app\Views\admin\admin.php(93): CodeIgniter\Debug\Exceptions->errorHandler(2, 'Undefined varia...', 'C:\\xampp\\htdocs...', 93)
#1 C:\xampp\htdocs\CI4\Codeigniter 4 Web\system\View\View.php(210): include('C:\\xampp\\htdocs...')
#2 C:\xampp\htdocs\CI4\Codeigniter 4 Web\system\View\View.php(213): CodeIgniter\View\View->CodeIgniter\View\{closure}()
#3 C:\xampp\htdocs\CI4\Codeigniter 4 Web\system\Common.php(1089): CodeIgniter\View\View->render('/admin/admin', Array, true)
#4 C:\xampp\htdocs\CI4\Codeigniter 4 Web\app\Controllers\Admin.php(11): view('/admin/admin', Array)
#5 C:\xampp\htdocs\CI4\Codeigniter 4 Web\system\CodeIgniter.php(832): App\Controllers\Admin->showuser()
#6 C:\xampp\htdocs\CI4\Codeigniter 4 Web\system\CodeIgniter.php(419): CodeIgniter\CodeIgniter->runController(Object(App\Controllers\Admin))
#7 C:\xampp\htdocs\CI4\Codeigniter 4 Web\system\CodeIgniter.php(326): CodeIgniter\CodeIgniter->handleRequest(NULL, Object(Config\Cache), false)
#8 C:\xampp\htdocs\CI4\Codeigniter 4 Web\public\index.php(37): CodeIgniter\CodeIgniter->run()
#9 C:\xampp\htdocs\CI4\Codeigniter 4 Web\system\Commands\Server\rewrite.php(43): require_once('C:\\xampp\\htdocs...')
#10 {main}
CRITICAL - 2022-04-01 21:11:39 --> Undefined variable $field
#0 C:\xampp\htdocs\CI4\Codeigniter 4 Web\app\Views\admin\admin.php(93): CodeIgniter\Debug\Exceptions->errorHandler(2, 'Undefined varia...', 'C:\\xampp\\htdocs...', 93)
#1 C:\xampp\htdocs\CI4\Codeigniter 4 Web\system\View\View.php(210): include('C:\\xampp\\htdocs...')
#2 C:\xampp\htdocs\CI4\Codeigniter 4 Web\system\View\View.php(213): CodeIgniter\View\View->CodeIgniter\View\{closure}()
#3 C:\xampp\htdocs\CI4\Codeigniter 4 Web\system\Common.php(1089): CodeIgniter\View\View->render('/admin/admin', Array, true)
#4 C:\xampp\htdocs\CI4\Codeigniter 4 Web\app\Controllers\Admin.php(11): view('/admin/admin', Array)
#5 C:\xampp\htdocs\CI4\Codeigniter 4 Web\system\CodeIgniter.php(832): App\Controllers\Admin->showuser()
#6 C:\xampp\htdocs\CI4\Codeigniter 4 Web\system\CodeIgniter.php(419): CodeIgniter\CodeIgniter->runController(Object(App\Controllers\Admin))
#7 C:\xampp\htdocs\CI4\Codeigniter 4 Web\system\CodeIgniter.php(326): CodeIgniter\CodeIgniter->handleRequest(NULL, Object(Config\Cache), false)
#8 C:\xampp\htdocs\CI4\Codeigniter 4 Web\public\index.php(37): CodeIgniter\CodeIgniter->run()
#9 C:\xampp\htdocs\CI4\Codeigniter 4 Web\system\Commands\Server\rewrite.php(43): require_once('C:\\xampp\\htdocs...')
#10 {main}
CRITICAL - 2022-04-01 21:11:40 --> Undefined variable $field
#0 C:\xampp\htdocs\CI4\Codeigniter 4 Web\app\Views\admin\admin.php(93): CodeIgniter\Debug\Exceptions->errorHandler(2, 'Undefined varia...', 'C:\\xampp\\htdocs...', 93)
#1 C:\xampp\htdocs\CI4\Codeigniter 4 Web\system\View\View.php(210): include('C:\\xampp\\htdocs...')
#2 C:\xampp\htdocs\CI4\Codeigniter 4 Web\system\View\View.php(213): CodeIgniter\View\View->CodeIgniter\View\{closure}()
#3 C:\xampp\htdocs\CI4\Codeigniter 4 Web\system\Common.php(1089): CodeIgniter\View\View->render('/admin/admin', Array, true)
#4 C:\xampp\htdocs\CI4\Codeigniter 4 Web\app\Controllers\Admin.php(11): view('/admin/admin', Array)
#5 C:\xampp\htdocs\CI4\Codeigniter 4 Web\system\CodeIgniter.php(832): App\Controllers\Admin->showuser()
#6 C:\xampp\htdocs\CI4\Codeigniter 4 Web\system\CodeIgniter.php(419): CodeIgniter\CodeIgniter->runController(Object(App\Controllers\Admin))
#7 C:\xampp\htdocs\CI4\Codeigniter 4 Web\system\CodeIgniter.php(326): CodeIgniter\CodeIgniter->handleRequest(NULL, Object(Config\Cache), false)
#8 C:\xampp\htdocs\CI4\Codeigniter 4 Web\public\index.php(37): CodeIgniter\CodeIgniter->run()
#9 C:\xampp\htdocs\CI4\Codeigniter 4 Web\system\Commands\Server\rewrite.php(43): require_once('C:\\xampp\\htdocs...')
#10 {main}
CRITICAL - 2022-04-01 21:12:09 --> Undefined variable $field
#0 C:\xampp\htdocs\CI4\Codeigniter 4 Web\app\Views\admin\admin.php(93): CodeIgniter\Debug\Exceptions->errorHandler(2, 'Undefined varia...', 'C:\\xampp\\htdocs...', 93)
#1 C:\xampp\htdocs\CI4\Codeigniter 4 Web\system\View\View.php(210): include('C:\\xampp\\htdocs...')
#2 C:\xampp\htdocs\CI4\Codeigniter 4 Web\system\View\View.php(213): CodeIgniter\View\View->CodeIgniter\View\{closure}()
#3 C:\xampp\htdocs\CI4\Codeigniter 4 Web\system\Common.php(1089): CodeIgniter\View\View->render('/admin/admin', Array, true)
#4 C:\xampp\htdocs\CI4\Codeigniter 4 Web\app\Controllers\Admin.php(11): view('/admin/admin', Array)
#5 C:\xampp\htdocs\CI4\Codeigniter 4 Web\system\CodeIgniter.php(832): App\Controllers\Admin->showuser()
#6 C:\xampp\htdocs\CI4\Codeigniter 4 Web\system\CodeIgniter.php(419): CodeIgniter\CodeIgniter->runController(Object(App\Controllers\Admin))
#7 C:\xampp\htdocs\CI4\Codeigniter 4 Web\system\CodeIgniter.php(326): CodeIgniter\CodeIgniter->handleRequest(NULL, Object(Config\Cache), false)
#8 C:\xampp\htdocs\CI4\Codeigniter 4 Web\public\index.php(37): CodeIgniter\CodeIgniter->run()
#9 C:\xampp\htdocs\CI4\Codeigniter 4 Web\system\Commands\Server\rewrite.php(43): require_once('C:\\xampp\\htdocs...')
#10 {main}
CRITICAL - 2022-04-01 21:12:10 --> Undefined variable $field
#0 C:\xampp\htdocs\CI4\Codeigniter 4 Web\app\Views\admin\admin.php(93): CodeIgniter\Debug\Exceptions->errorHandler(2, 'Undefined varia...', 'C:\\xampp\\htdocs...', 93)
#1 C:\xampp\htdocs\CI4\Codeigniter 4 Web\system\View\View.php(210): include('C:\\xampp\\htdocs...')
#2 C:\xampp\htdocs\CI4\Codeigniter 4 Web\system\View\View.php(213): CodeIgniter\View\View->CodeIgniter\View\{closure}()
#3 C:\xampp\htdocs\CI4\Codeigniter 4 Web\system\Common.php(1089): CodeIgniter\View\View->render('/admin/admin', Array, true)
#4 C:\xampp\htdocs\CI4\Codeigniter 4 Web\app\Controllers\Admin.php(11): view('/admin/admin', Array)
#5 C:\xampp\htdocs\CI4\Codeigniter 4 Web\system\CodeIgniter.php(832): App\Controllers\Admin->showuser()
#6 C:\xampp\htdocs\CI4\Codeigniter 4 Web\system\CodeIgniter.php(419): CodeIgniter\CodeIgniter->runController(Object(App\Controllers\Admin))
#7 C:\xampp\htdocs\CI4\Codeigniter 4 Web\system\CodeIgniter.php(326): CodeIgniter\CodeIgniter->handleRequest(NULL, Object(Config\Cache), false)
#8 C:\xampp\htdocs\CI4\Codeigniter 4 Web\public\index.php(37): CodeIgniter\CodeIgniter->run()
#9 C:\xampp\htdocs\CI4\Codeigniter 4 Web\system\Commands\Server\rewrite.php(43): require_once('C:\\xampp\\htdocs...')
#10 {main}
CRITICAL - 2022-04-01 21:12:36 --> Undefined array key "user_id"
#0 C:\xampp\htdocs\CI4\Codeigniter 4 Web\app\Views\admin\admin.php(93): CodeIgniter\Debug\Exceptions->errorHandler(2, 'Undefined array...', 'C:\\xampp\\htdocs...', 93)
#1 C:\xampp\htdocs\CI4\Codeigniter 4 Web\system\View\View.php(210): include('C:\\xampp\\htdocs...')
#2 C:\xampp\htdocs\CI4\Codeigniter 4 Web\system\View\View.php(213): CodeIgniter\View\View->CodeIgniter\View\{closure}()
#3 C:\xampp\htdocs\CI4\Codeigniter 4 Web\system\Common.php(1089): CodeIgniter\View\View->render('/admin/admin', Array, true)
#4 C:\xampp\htdocs\CI4\Codeigniter 4 Web\app\Controllers\Admin.php(11): view('/admin/admin', Array)
#5 C:\xampp\htdocs\CI4\Codeigniter 4 Web\system\CodeIgniter.php(832): App\Controllers\Admin->showuser()
#6 C:\xampp\htdocs\CI4\Codeigniter 4 Web\system\CodeIgniter.php(419): CodeIgniter\CodeIgniter->runController(Object(App\Controllers\Admin))
#7 C:\xampp\htdocs\CI4\Codeigniter 4 Web\system\CodeIgniter.php(326): CodeIgniter\CodeIgniter->handleRequest(NULL, Object(Config\Cache), false)
#8 C:\xampp\htdocs\CI4\Codeigniter 4 Web\public\index.php(37): CodeIgniter\CodeIgniter->run()
#9 C:\xampp\htdocs\CI4\Codeigniter 4 Web\system\Commands\Server\rewrite.php(43): require_once('C:\\xampp\\htdocs...')
#10 {main}
CRITICAL - 2022-04-01 21:12:36 --> Undefined array key "user_id"
#0 C:\xampp\htdocs\CI4\Codeigniter 4 Web\app\Views\admin\admin.php(93): CodeIgniter\Debug\Exceptions->errorHandler(2, 'Undefined array...', 'C:\\xampp\\htdocs...', 93)
#1 C:\xampp\htdocs\CI4\Codeigniter 4 Web\system\View\View.php(210): include('C:\\xampp\\htdocs...')
#2 C:\xampp\htdocs\CI4\Codeigniter 4 Web\system\View\View.php(213): CodeIgniter\View\View->CodeIgniter\View\{closure}()
#3 C:\xampp\htdocs\CI4\Codeigniter 4 Web\system\Common.php(1089): CodeIgniter\View\View->render('/admin/admin', Array, true)
#4 C:\xampp\htdocs\CI4\Codeigniter 4 Web\app\Controllers\Admin.php(11): view('/admin/admin', Array)
#5 C:\xampp\htdocs\CI4\Codeigniter 4 Web\system\CodeIgniter.php(832): App\Controllers\Admin->showuser()
#6 C:\xampp\htdocs\CI4\Codeigniter 4 Web\system\CodeIgniter.php(419): CodeIgniter\CodeIgniter->runController(Object(App\Controllers\Admin))
#7 C:\xampp\htdocs\CI4\Codeigniter 4 Web\system\CodeIgniter.php(326): CodeIgniter\CodeIgniter->handleRequest(NULL, Object(Config\Cache), false)
#8 C:\xampp\htdocs\CI4\Codeigniter 4 Web\public\index.php(37): CodeIgniter\CodeIgniter->run()
#9 C:\xampp\htdocs\CI4\Codeigniter 4 Web\system\Commands\Server\rewrite.php(43): require_once('C:\\xampp\\htdocs...')
#10 {main}
CRITICAL - 2022-04-01 21:12:37 --> Undefined array key "user_id"
#0 C:\xampp\htdocs\CI4\Codeigniter 4 Web\app\Views\admin\admin.php(93): CodeIgniter\Debug\Exceptions->errorHandler(2, 'Undefined array...', 'C:\\xampp\\htdocs...', 93)
#1 C:\xampp\htdocs\CI4\Codeigniter 4 Web\system\View\View.php(210): include('C:\\xampp\\htdocs...')
#2 C:\xampp\htdocs\CI4\Codeigniter 4 Web\system\View\View.php(213): CodeIgniter\View\View->CodeIgniter\View\{closure}()
#3 C:\xampp\htdocs\CI4\Codeigniter 4 Web\system\Common.php(1089): CodeIgniter\View\View->render('/admin/admin', Array, true)
#4 C:\xampp\htdocs\CI4\Codeigniter 4 Web\app\Controllers\Admin.php(11): view('/admin/admin', Array)
#5 C:\xampp\htdocs\CI4\Codeigniter 4 Web\system\CodeIgniter.php(832): App\Controllers\Admin->showuser()
#6 C:\xampp\htdocs\CI4\Codeigniter 4 Web\system\CodeIgniter.php(419): CodeIgniter\CodeIgniter->runController(Object(App\Controllers\Admin))
#7 C:\xampp\htdocs\CI4\Codeigniter 4 Web\system\CodeIgniter.php(326): CodeIgniter\CodeIgniter->handleRequest(NULL, Object(Config\Cache), false)
#8 C:\xampp\htdocs\CI4\Codeigniter 4 Web\public\index.php(37): CodeIgniter\CodeIgniter->run()
#9 C:\xampp\htdocs\CI4\Codeigniter 4 Web\system\Commands\Server\rewrite.php(43): require_once('C:\\xampp\\htdocs...')
#10 {main}
CRITICAL - 2022-04-01 21:12:38 --> Undefined array key "user_id"
#0 C:\xampp\htdocs\CI4\Codeigniter 4 Web\app\Views\admin\admin.php(93): CodeIgniter\Debug\Exceptions->errorHandler(2, 'Undefined array...', 'C:\\xampp\\htdocs...', 93)
#1 C:\xampp\htdocs\CI4\Codeigniter 4 Web\system\View\View.php(210): include('C:\\xampp\\htdocs...')
#2 C:\xampp\htdocs\CI4\Codeigniter 4 Web\system\View\View.php(213): CodeIgniter\View\View->CodeIgniter\View\{closure}()
#3 C:\xampp\htdocs\CI4\Codeigniter 4 Web\system\Common.php(1089): CodeIgniter\View\View->render('/admin/admin', Array, true)
#4 C:\xampp\htdocs\CI4\Codeigniter 4 Web\app\Controllers\Admin.php(11): view('/admin/admin', Array)
#5 C:\xampp\htdocs\CI4\Codeigniter 4 Web\system\CodeIgniter.php(832): App\Controllers\Admin->showuser()
#6 C:\xampp\htdocs\CI4\Codeigniter 4 Web\system\CodeIgniter.php(419): CodeIgniter\CodeIgniter->runController(Object(App\Controllers\Admin))
#7 C:\xampp\htdocs\CI4\Codeigniter 4 Web\system\CodeIgniter.php(326): CodeIgniter\CodeIgniter->handleRequest(NULL, Object(Config\Cache), false)
#8 C:\xampp\htdocs\CI4\Codeigniter 4 Web\public\index.php(37): CodeIgniter\CodeIgniter->run()
#9 C:\xampp\htdocs\CI4\Codeigniter 4 Web\system\Commands\Server\rewrite.php(43): require_once('C:\\xampp\\htdocs...')
#10 {main}
CRITICAL - 2022-04-01 21:47:07 --> syntax error, unexpected token "if"
#0 C:\xampp\htdocs\CI4\Codeigniter 4 Web\system\CodeIgniter.php(368): CodeIgniter\CodeIgniter->tryToRouteIt(NULL)
#1 C:\xampp\htdocs\CI4\Codeigniter 4 Web\system\CodeIgniter.php(326): CodeIgniter\CodeIgniter->handleRequest(NULL, Object(Config\Cache), false)
#2 C:\xampp\htdocs\CI4\Codeigniter 4 Web\public\index.php(37): CodeIgniter\CodeIgniter->run()
#3 C:\xampp\htdocs\CI4\Codeigniter 4 Web\system\Commands\Server\rewrite.php(43): require_once('C:\\xampp\\htdocs...')
#4 {main}
CRITICAL - 2022-04-01 21:57:55 --> syntax error, unexpected double-quoted string " method=", expecting "," or ";"
#0 C:\xampp\htdocs\CI4\Codeigniter 4 Web\system\View\View.php(213): CodeIgniter\View\View->CodeIgniter\View\{closure}()
#1 C:\xampp\htdocs\CI4\Codeigniter 4 Web\system\Common.php(1089): CodeIgniter\View\View->render('/admin/admin', Array, true)
#2 C:\xampp\htdocs\CI4\Codeigniter 4 Web\app\Controllers\Admin.php(11): view('/admin/admin', Array)
#3 C:\xampp\htdocs\CI4\Codeigniter 4 Web\system\CodeIgniter.php(832): App\Controllers\Admin->showuser()
#4 C:\xampp\htdocs\CI4\Codeigniter 4 Web\system\CodeIgniter.php(419): CodeIgniter\CodeIgniter->runController(Object(App\Controllers\Admin))
#5 C:\xampp\htdocs\CI4\Codeigniter 4 Web\system\CodeIgniter.php(326): CodeIgniter\CodeIgniter->handleRequest(NULL, Object(Config\Cache), false)
#6 C:\xampp\htdocs\CI4\Codeigniter 4 Web\public\index.php(37): CodeIgniter\CodeIgniter->run()
#7 C:\xampp\htdocs\CI4\Codeigniter 4 Web\system\Commands\Server\rewrite.php(43): require_once('C:\\xampp\\htdocs...')
#8 {main}
CRITICAL - 2022-04-01 21:57:55 --> syntax error, unexpected double-quoted string " method=", expecting "," or ";"
#0 C:\xampp\htdocs\CI4\Codeigniter 4 Web\system\View\View.php(213): CodeIgniter\View\View->CodeIgniter\View\{closure}()
#1 C:\xampp\htdocs\CI4\Codeigniter 4 Web\system\Common.php(1089): CodeIgniter\View\View->render('/admin/admin', Array, true)
#2 C:\xampp\htdocs\CI4\Codeigniter 4 Web\app\Controllers\Admin.php(11): view('/admin/admin', Array)
#3 C:\xampp\htdocs\CI4\Codeigniter 4 Web\system\CodeIgniter.php(832): App\Controllers\Admin->showuser()
#4 C:\xampp\htdocs\CI4\Codeigniter 4 Web\system\CodeIgniter.php(419): CodeIgniter\CodeIgniter->runController(Object(App\Controllers\Admin))
#5 C:\xampp\htdocs\CI4\Codeigniter 4 Web\system\CodeIgniter.php(326): CodeIgniter\CodeIgniter->handleRequest(NULL, Object(Config\Cache), false)
#6 C:\xampp\htdocs\CI4\Codeigniter 4 Web\public\index.php(37): CodeIgniter\CodeIgniter->run()
#7 C:\xampp\htdocs\CI4\Codeigniter 4 Web\system\Commands\Server\rewrite.php(43): require_once('C:\\xampp\\htdocs...')
#8 {main}
