CRITICAL - 2022-03-20 01:24:04 --> syntax error, unexpected token "}"
#0 C:\xampp\htdocs\CI4\Codeigniter 4 Web\system\Autoloader\Autoloader.php(241): CodeIgniter\Autoloader\Autoloader->includeFile('C:\\xampp\\htdocs...')
#1 C:\xampp\htdocs\CI4\Codeigniter 4 Web\system\Autoloader\Autoloader.php(219): CodeIgniter\Autoloader\Autoloader->loadInNamespace('App\\Controllers...')
#2 [internal function]: CodeIgniter\Autoloader\Autoloader->loadClass('App\\Controllers...')
#3 C:\xampp\htdocs\CI4\Codeigniter 4 Web\system\CodeIgniter.php(797): class_exists('\\App\\Controller...', true)
#4 C:\xampp\htdocs\CI4\Codeigniter 4 Web\system\CodeIgniter.php(406): CodeIgniter\CodeIgniter->startController()
#5 C:\xampp\htdocs\CI4\Codeigniter 4 Web\system\CodeIgniter.php(326): CodeIgniter\CodeIgniter->handleRequest(NULL, Object(Config\Cache), false)
#6 C:\xampp\htdocs\CI4\Codeigniter 4 Web\public\index.php(37): CodeIgniter\CodeIgniter->run()
#7 C:\xampp\htdocs\CI4\Codeigniter 4 Web\system\Commands\Server\rewrite.php(43): require_once('C:\\xampp\\htdocs...')
#8 {main}
CRITICAL - 2022-03-20 01:27:27 --> Invalid file: admin.php
#0 C:\xampp\htdocs\CI4\Codeigniter 4 Web\system\View\View.php(198): CodeIgniter\Exceptions\FrameworkException::forInvalidFile('admin.php')
#1 C:\xampp\htdocs\CI4\Codeigniter 4 Web\system\Common.php(1089): CodeIgniter\View\View->render('admin', Array, true)
#2 C:\xampp\htdocs\CI4\Codeigniter 4 Web\app\Controllers\Admin.php(11): view('admin', Array)
#3 C:\xampp\htdocs\CI4\Codeigniter 4 Web\system\CodeIgniter.php(832): App\Controllers\Admin->admin()
#4 C:\xampp\htdocs\CI4\Codeigniter 4 Web\system\CodeIgniter.php(419): CodeIgniter\CodeIgniter->runController(Object(App\Controllers\Admin))
#5 C:\xampp\htdocs\CI4\Codeigniter 4 Web\system\CodeIgniter.php(326): CodeIgniter\CodeIgniter->handleRequest(NULL, Object(Config\Cache), false)
#6 C:\xampp\htdocs\CI4\Codeigniter 4 Web\public\index.php(37): CodeIgniter\CodeIgniter->run()
#7 C:\xampp\htdocs\CI4\Codeigniter 4 Web\system\Commands\Server\rewrite.php(43): require_once('C:\\xampp\\htdocs...')
#8 {main}
CRITICAL - 2022-03-20 01:28:10 --> Invalid file: admin.php
#0 C:\xampp\htdocs\CI4\Codeigniter 4 Web\system\View\View.php(198): CodeIgniter\Exceptions\FrameworkException::forInvalidFile('admin.php')
#1 C:\xampp\htdocs\CI4\Codeigniter 4 Web\system\Common.php(1089): CodeIgniter\View\View->render('admin', Array, true)
#2 C:\xampp\htdocs\CI4\Codeigniter 4 Web\app\Controllers\Admin.php(11): view('admin', Array)
#3 C:\xampp\htdocs\CI4\Codeigniter 4 Web\system\CodeIgniter.php(832): App\Controllers\Admin->admin()
#4 C:\xampp\htdocs\CI4\Codeigniter 4 Web\system\CodeIgniter.php(419): CodeIgniter\CodeIgniter->runController(Object(App\Controllers\Admin))
#5 C:\xampp\htdocs\CI4\Codeigniter 4 Web\system\CodeIgniter.php(326): CodeIgniter\CodeIgniter->handleRequest(NULL, Object(Config\Cache), false)
#6 C:\xampp\htdocs\CI4\Codeigniter 4 Web\public\index.php(37): CodeIgniter\CodeIgniter->run()
#7 C:\xampp\htdocs\CI4\Codeigniter 4 Web\system\Commands\Server\rewrite.php(43): require_once('C:\\xampp\\htdocs...')
#8 {main}
CRITICAL - 2022-03-20 01:28:12 --> Invalid file: admin.php
#0 C:\xampp\htdocs\CI4\Codeigniter 4 Web\system\View\View.php(198): CodeIgniter\Exceptions\FrameworkException::forInvalidFile('admin.php')
#1 C:\xampp\htdocs\CI4\Codeigniter 4 Web\system\Common.php(1089): CodeIgniter\View\View->render('admin', Array, true)
#2 C:\xampp\htdocs\CI4\Codeigniter 4 Web\app\Controllers\Admin.php(11): view('admin', Array)
#3 C:\xampp\htdocs\CI4\Codeigniter 4 Web\system\CodeIgniter.php(832): App\Controllers\Admin->admin()
#4 C:\xampp\htdocs\CI4\Codeigniter 4 Web\system\CodeIgniter.php(419): CodeIgniter\CodeIgniter->runController(Object(App\Controllers\Admin))
#5 C:\xampp\htdocs\CI4\Codeigniter 4 Web\system\CodeIgniter.php(326): CodeIgniter\CodeIgniter->handleRequest(NULL, Object(Config\Cache), false)
#6 C:\xampp\htdocs\CI4\Codeigniter 4 Web\public\index.php(37): CodeIgniter\CodeIgniter->run()
#7 C:\xampp\htdocs\CI4\Codeigniter 4 Web\system\Commands\Server\rewrite.php(43): require_once('C:\\xampp\\htdocs...')
#8 {main}
CRITICAL - 2022-03-20 01:28:44 --> Invalid file: admin.php
#0 C:\xampp\htdocs\CI4\Codeigniter 4 Web\system\View\View.php(198): CodeIgniter\Exceptions\FrameworkException::forInvalidFile('admin.php')
#1 C:\xampp\htdocs\CI4\Codeigniter 4 Web\system\Common.php(1089): CodeIgniter\View\View->render('admin', Array, true)
#2 C:\xampp\htdocs\CI4\Codeigniter 4 Web\app\Controllers\Admin.php(11): view('admin', Array)
#3 C:\xampp\htdocs\CI4\Codeigniter 4 Web\system\CodeIgniter.php(832): App\Controllers\Admin->admin()
#4 C:\xampp\htdocs\CI4\Codeigniter 4 Web\system\CodeIgniter.php(419): CodeIgniter\CodeIgniter->runController(Object(App\Controllers\Admin))
#5 C:\xampp\htdocs\CI4\Codeigniter 4 Web\system\CodeIgniter.php(326): CodeIgniter\CodeIgniter->handleRequest(NULL, Object(Config\Cache), false)
#6 C:\xampp\htdocs\CI4\Codeigniter 4 Web\public\index.php(37): CodeIgniter\CodeIgniter->run()
#7 C:\xampp\htdocs\CI4\Codeigniter 4 Web\system\Commands\Server\rewrite.php(43): require_once('C:\\xampp\\htdocs...')
#8 {main}
CRITICAL - 2022-03-20 01:29:50 --> Invalid file: admin.php
#0 C:\xampp\htdocs\CI4\Codeigniter 4 Web\system\View\View.php(198): CodeIgniter\Exceptions\FrameworkException::forInvalidFile('admin.php')
#1 C:\xampp\htdocs\CI4\Codeigniter 4 Web\system\Common.php(1089): CodeIgniter\View\View->render('admin', Array, true)
#2 C:\xampp\htdocs\CI4\Codeigniter 4 Web\app\Controllers\Admin.php(11): view('admin', Array)
#3 C:\xampp\htdocs\CI4\Codeigniter 4 Web\system\CodeIgniter.php(832): App\Controllers\Admin->index()
#4 C:\xampp\htdocs\CI4\Codeigniter 4 Web\system\CodeIgniter.php(419): CodeIgniter\CodeIgniter->runController(Object(App\Controllers\Admin))
#5 C:\xampp\htdocs\CI4\Codeigniter 4 Web\system\CodeIgniter.php(326): CodeIgniter\CodeIgniter->handleRequest(NULL, Object(Config\Cache), false)
#6 C:\xampp\htdocs\CI4\Codeigniter 4 Web\public\index.php(37): CodeIgniter\CodeIgniter->run()
#7 C:\xampp\htdocs\CI4\Codeigniter 4 Web\system\Commands\Server\rewrite.php(43): require_once('C:\\xampp\\htdocs...')
#8 {main}
CRITICAL - 2022-03-20 01:29:53 --> Invalid file: admin.php
#0 C:\xampp\htdocs\CI4\Codeigniter 4 Web\system\View\View.php(198): CodeIgniter\Exceptions\FrameworkException::forInvalidFile('admin.php')
#1 C:\xampp\htdocs\CI4\Codeigniter 4 Web\system\Common.php(1089): CodeIgniter\View\View->render('admin', Array, true)
#2 C:\xampp\htdocs\CI4\Codeigniter 4 Web\app\Controllers\Admin.php(11): view('admin', Array)
#3 C:\xampp\htdocs\CI4\Codeigniter 4 Web\system\CodeIgniter.php(832): App\Controllers\Admin->index()
#4 C:\xampp\htdocs\CI4\Codeigniter 4 Web\system\CodeIgniter.php(419): CodeIgniter\CodeIgniter->runController(Object(App\Controllers\Admin))
#5 C:\xampp\htdocs\CI4\Codeigniter 4 Web\system\CodeIgniter.php(326): CodeIgniter\CodeIgniter->handleRequest(NULL, Object(Config\Cache), false)
#6 C:\xampp\htdocs\CI4\Codeigniter 4 Web\public\index.php(37): CodeIgniter\CodeIgniter->run()
#7 C:\xampp\htdocs\CI4\Codeigniter 4 Web\system\Commands\Server\rewrite.php(43): require_once('C:\\xampp\\htdocs...')
#8 {main}
CRITICAL - 2022-03-20 01:31:01 --> Invalid file: admin.php
#0 C:\xampp\htdocs\CI4\Codeigniter 4 Web\system\View\View.php(198): CodeIgniter\Exceptions\FrameworkException::forInvalidFile('admin.php')
#1 C:\xampp\htdocs\CI4\Codeigniter 4 Web\system\Common.php(1089): CodeIgniter\View\View->render('admin', Array, true)
#2 C:\xampp\htdocs\CI4\Codeigniter 4 Web\app\Controllers\Admin.php(11): view('admin', Array)
#3 C:\xampp\htdocs\CI4\Codeigniter 4 Web\system\CodeIgniter.php(832): App\Controllers\Admin->index()
#4 C:\xampp\htdocs\CI4\Codeigniter 4 Web\system\CodeIgniter.php(419): CodeIgniter\CodeIgniter->runController(Object(App\Controllers\Admin))
#5 C:\xampp\htdocs\CI4\Codeigniter 4 Web\system\CodeIgniter.php(326): CodeIgniter\CodeIgniter->handleRequest(NULL, Object(Config\Cache), false)
#6 C:\xampp\htdocs\CI4\Codeigniter 4 Web\public\index.php(37): CodeIgniter\CodeIgniter->run()
#7 C:\xampp\htdocs\CI4\Codeigniter 4 Web\system\Commands\Server\rewrite.php(43): require_once('C:\\xampp\\htdocs...')
#8 {main}
CRITICAL - 2022-03-20 01:31:03 --> Invalid file: admin.php
#0 C:\xampp\htdocs\CI4\Codeigniter 4 Web\system\View\View.php(198): CodeIgniter\Exceptions\FrameworkException::forInvalidFile('admin.php')
#1 C:\xampp\htdocs\CI4\Codeigniter 4 Web\system\Common.php(1089): CodeIgniter\View\View->render('admin', Array, true)
#2 C:\xampp\htdocs\CI4\Codeigniter 4 Web\app\Controllers\Admin.php(11): view('admin', Array)
#3 C:\xampp\htdocs\CI4\Codeigniter 4 Web\system\CodeIgniter.php(832): App\Controllers\Admin->index()
#4 C:\xampp\htdocs\CI4\Codeigniter 4 Web\system\CodeIgniter.php(419): CodeIgniter\CodeIgniter->runController(Object(App\Controllers\Admin))
#5 C:\xampp\htdocs\CI4\Codeigniter 4 Web\system\CodeIgniter.php(326): CodeIgniter\CodeIgniter->handleRequest(NULL, Object(Config\Cache), false)
#6 C:\xampp\htdocs\CI4\Codeigniter 4 Web\public\index.php(37): CodeIgniter\CodeIgniter->run()
#7 C:\xampp\htdocs\CI4\Codeigniter 4 Web\system\Commands\Server\rewrite.php(43): require_once('C:\\xampp\\htdocs...')
#8 {main}
CRITICAL - 2022-03-20 01:31:23 --> Invalid file: admin.php
#0 C:\xampp\htdocs\CI4\Codeigniter 4 Web\system\View\View.php(198): CodeIgniter\Exceptions\FrameworkException::forInvalidFile('admin.php')
#1 C:\xampp\htdocs\CI4\Codeigniter 4 Web\system\Common.php(1089): CodeIgniter\View\View->render('admin', Array, true)
#2 C:\xampp\htdocs\CI4\Codeigniter 4 Web\app\Controllers\Admin.php(11): view('admin', Array)
#3 C:\xampp\htdocs\CI4\Codeigniter 4 Web\system\CodeIgniter.php(832): App\Controllers\Admin->index()
#4 C:\xampp\htdocs\CI4\Codeigniter 4 Web\system\CodeIgniter.php(419): CodeIgniter\CodeIgniter->runController(Object(App\Controllers\Admin))
#5 C:\xampp\htdocs\CI4\Codeigniter 4 Web\system\CodeIgniter.php(326): CodeIgniter\CodeIgniter->handleRequest(NULL, Object(Config\Cache), false)
#6 C:\xampp\htdocs\CI4\Codeigniter 4 Web\public\index.php(37): CodeIgniter\CodeIgniter->run()
#7 C:\xampp\htdocs\CI4\Codeigniter 4 Web\system\Commands\Server\rewrite.php(43): require_once('C:\\xampp\\htdocs...')
#8 {main}
CRITICAL - 2022-03-20 01:31:57 --> Invalid file: admin.php
#0 C:\xampp\htdocs\CI4\Codeigniter 4 Web\system\View\View.php(198): CodeIgniter\Exceptions\FrameworkException::forInvalidFile('admin.php')
#1 C:\xampp\htdocs\CI4\Codeigniter 4 Web\system\Common.php(1089): CodeIgniter\View\View->render('admin', Array, true)
#2 C:\xampp\htdocs\CI4\Codeigniter 4 Web\app\Controllers\Admin.php(11): view('admin', Array)
#3 C:\xampp\htdocs\CI4\Codeigniter 4 Web\system\CodeIgniter.php(832): App\Controllers\Admin->admin()
#4 C:\xampp\htdocs\CI4\Codeigniter 4 Web\system\CodeIgniter.php(419): CodeIgniter\CodeIgniter->runController(Object(App\Controllers\Admin))
#5 C:\xampp\htdocs\CI4\Codeigniter 4 Web\system\CodeIgniter.php(326): CodeIgniter\CodeIgniter->handleRequest(NULL, Object(Config\Cache), false)
#6 C:\xampp\htdocs\CI4\Codeigniter 4 Web\public\index.php(37): CodeIgniter\CodeIgniter->run()
#7 C:\xampp\htdocs\CI4\Codeigniter 4 Web\system\Commands\Server\rewrite.php(43): require_once('C:\\xampp\\htdocs...')
#8 {main}
CRITICAL - 2022-03-20 01:31:58 --> Invalid file: admin.php
#0 C:\xampp\htdocs\CI4\Codeigniter 4 Web\system\View\View.php(198): CodeIgniter\Exceptions\FrameworkException::forInvalidFile('admin.php')
#1 C:\xampp\htdocs\CI4\Codeigniter 4 Web\system\Common.php(1089): CodeIgniter\View\View->render('admin', Array, true)
#2 C:\xampp\htdocs\CI4\Codeigniter 4 Web\app\Controllers\Admin.php(11): view('admin', Array)
#3 C:\xampp\htdocs\CI4\Codeigniter 4 Web\system\CodeIgniter.php(832): App\Controllers\Admin->admin()
#4 C:\xampp\htdocs\CI4\Codeigniter 4 Web\system\CodeIgniter.php(419): CodeIgniter\CodeIgniter->runController(Object(App\Controllers\Admin))
#5 C:\xampp\htdocs\CI4\Codeigniter 4 Web\system\CodeIgniter.php(326): CodeIgniter\CodeIgniter->handleRequest(NULL, Object(Config\Cache), false)
#6 C:\xampp\htdocs\CI4\Codeigniter 4 Web\public\index.php(37): CodeIgniter\CodeIgniter->run()
#7 C:\xampp\htdocs\CI4\Codeigniter 4 Web\system\Commands\Server\rewrite.php(43): require_once('C:\\xampp\\htdocs...')
#8 {main}
CRITICAL - 2022-03-20 01:31:59 --> Invalid file: admin.php
#0 C:\xampp\htdocs\CI4\Codeigniter 4 Web\system\View\View.php(198): CodeIgniter\Exceptions\FrameworkException::forInvalidFile('admin.php')
#1 C:\xampp\htdocs\CI4\Codeigniter 4 Web\system\Common.php(1089): CodeIgniter\View\View->render('admin', Array, true)
#2 C:\xampp\htdocs\CI4\Codeigniter 4 Web\app\Controllers\Admin.php(11): view('admin', Array)
#3 C:\xampp\htdocs\CI4\Codeigniter 4 Web\system\CodeIgniter.php(832): App\Controllers\Admin->admin()
#4 C:\xampp\htdocs\CI4\Codeigniter 4 Web\system\CodeIgniter.php(419): CodeIgniter\CodeIgniter->runController(Object(App\Controllers\Admin))
#5 C:\xampp\htdocs\CI4\Codeigniter 4 Web\system\CodeIgniter.php(326): CodeIgniter\CodeIgniter->handleRequest(NULL, Object(Config\Cache), false)
#6 C:\xampp\htdocs\CI4\Codeigniter 4 Web\public\index.php(37): CodeIgniter\CodeIgniter->run()
#7 C:\xampp\htdocs\CI4\Codeigniter 4 Web\system\Commands\Server\rewrite.php(43): require_once('C:\\xampp\\htdocs...')
#8 {main}
CRITICAL - 2022-03-20 01:31:59 --> Invalid file: admin.php
#0 C:\xampp\htdocs\CI4\Codeigniter 4 Web\system\View\View.php(198): CodeIgniter\Exceptions\FrameworkException::forInvalidFile('admin.php')
#1 C:\xampp\htdocs\CI4\Codeigniter 4 Web\system\Common.php(1089): CodeIgniter\View\View->render('admin', Array, true)
#2 C:\xampp\htdocs\CI4\Codeigniter 4 Web\app\Controllers\Admin.php(11): view('admin', Array)
#3 C:\xampp\htdocs\CI4\Codeigniter 4 Web\system\CodeIgniter.php(832): App\Controllers\Admin->admin()
#4 C:\xampp\htdocs\CI4\Codeigniter 4 Web\system\CodeIgniter.php(419): CodeIgniter\CodeIgniter->runController(Object(App\Controllers\Admin))
#5 C:\xampp\htdocs\CI4\Codeigniter 4 Web\system\CodeIgniter.php(326): CodeIgniter\CodeIgniter->handleRequest(NULL, Object(Config\Cache), false)
#6 C:\xampp\htdocs\CI4\Codeigniter 4 Web\public\index.php(37): CodeIgniter\CodeIgniter->run()
#7 C:\xampp\htdocs\CI4\Codeigniter 4 Web\system\Commands\Server\rewrite.php(43): require_once('C:\\xampp\\htdocs...')
#8 {main}
CRITICAL - 2022-03-20 01:34:31 --> Invalid file: admin.php
#0 C:\xampp\htdocs\CI4\Codeigniter 4 Web\system\View\View.php(198): CodeIgniter\Exceptions\FrameworkException::forInvalidFile('admin.php')
#1 C:\xampp\htdocs\CI4\Codeigniter 4 Web\system\Common.php(1089): CodeIgniter\View\View->render('admin', Array, true)
#2 C:\xampp\htdocs\CI4\Codeigniter 4 Web\app\Controllers\Admin.php(11): view('admin', Array)
#3 C:\xampp\htdocs\CI4\Codeigniter 4 Web\system\CodeIgniter.php(832): App\Controllers\Admin->admin()
#4 C:\xampp\htdocs\CI4\Codeigniter 4 Web\system\CodeIgniter.php(419): CodeIgniter\CodeIgniter->runController(Object(App\Controllers\Admin))
#5 C:\xampp\htdocs\CI4\Codeigniter 4 Web\system\CodeIgniter.php(326): CodeIgniter\CodeIgniter->handleRequest(NULL, Object(Config\Cache), false)
#6 C:\xampp\htdocs\CI4\Codeigniter 4 Web\public\index.php(37): CodeIgniter\CodeIgniter->run()
#7 C:\xampp\htdocs\CI4\Codeigniter 4 Web\system\Commands\Server\rewrite.php(43): require_once('C:\\xampp\\htdocs...')
#8 {main}
CRITICAL - 2022-03-20 01:35:53 --> Invalid file: admin.php
#0 C:\xampp\htdocs\CI4\Codeigniter 4 Web\system\View\View.php(198): CodeIgniter\Exceptions\FrameworkException::forInvalidFile('admin.php')
#1 C:\xampp\htdocs\CI4\Codeigniter 4 Web\system\Common.php(1089): CodeIgniter\View\View->render('admin', Array, true)
#2 C:\xampp\htdocs\CI4\Codeigniter 4 Web\app\Controllers\Admin.php(11): view('admin', Array)
#3 C:\xampp\htdocs\CI4\Codeigniter 4 Web\system\CodeIgniter.php(832): App\Controllers\Admin->admin()
#4 C:\xampp\htdocs\CI4\Codeigniter 4 Web\system\CodeIgniter.php(419): CodeIgniter\CodeIgniter->runController(Object(App\Controllers\Admin))
#5 C:\xampp\htdocs\CI4\Codeigniter 4 Web\system\CodeIgniter.php(326): CodeIgniter\CodeIgniter->handleRequest(NULL, Object(Config\Cache), false)
#6 C:\xampp\htdocs\CI4\Codeigniter 4 Web\public\index.php(37): CodeIgniter\CodeIgniter->run()
#7 C:\xampp\htdocs\CI4\Codeigniter 4 Web\system\Commands\Server\rewrite.php(43): require_once('C:\\xampp\\htdocs...')
#8 {main}
CRITICAL - 2022-03-20 01:35:53 --> Invalid file: admin.php
#0 C:\xampp\htdocs\CI4\Codeigniter 4 Web\system\View\View.php(198): CodeIgniter\Exceptions\FrameworkException::forInvalidFile('admin.php')
#1 C:\xampp\htdocs\CI4\Codeigniter 4 Web\system\Common.php(1089): CodeIgniter\View\View->render('admin', Array, true)
#2 C:\xampp\htdocs\CI4\Codeigniter 4 Web\app\Controllers\Admin.php(11): view('admin', Array)
#3 C:\xampp\htdocs\CI4\Codeigniter 4 Web\system\CodeIgniter.php(832): App\Controllers\Admin->admin()
#4 C:\xampp\htdocs\CI4\Codeigniter 4 Web\system\CodeIgniter.php(419): CodeIgniter\CodeIgniter->runController(Object(App\Controllers\Admin))
#5 C:\xampp\htdocs\CI4\Codeigniter 4 Web\system\CodeIgniter.php(326): CodeIgniter\CodeIgniter->handleRequest(NULL, Object(Config\Cache), false)
#6 C:\xampp\htdocs\CI4\Codeigniter 4 Web\public\index.php(37): CodeIgniter\CodeIgniter->run()
#7 C:\xampp\htdocs\CI4\Codeigniter 4 Web\system\Commands\Server\rewrite.php(43): require_once('C:\\xampp\\htdocs...')
#8 {main}
CRITICAL - 2022-03-20 01:35:54 --> Invalid file: admin.php
#0 C:\xampp\htdocs\CI4\Codeigniter 4 Web\system\View\View.php(198): CodeIgniter\Exceptions\FrameworkException::forInvalidFile('admin.php')
#1 C:\xampp\htdocs\CI4\Codeigniter 4 Web\system\Common.php(1089): CodeIgniter\View\View->render('admin', Array, true)
#2 C:\xampp\htdocs\CI4\Codeigniter 4 Web\app\Controllers\Admin.php(11): view('admin', Array)
#3 C:\xampp\htdocs\CI4\Codeigniter 4 Web\system\CodeIgniter.php(832): App\Controllers\Admin->admin()
#4 C:\xampp\htdocs\CI4\Codeigniter 4 Web\system\CodeIgniter.php(419): CodeIgniter\CodeIgniter->runController(Object(App\Controllers\Admin))
#5 C:\xampp\htdocs\CI4\Codeigniter 4 Web\system\CodeIgniter.php(326): CodeIgniter\CodeIgniter->handleRequest(NULL, Object(Config\Cache), false)
#6 C:\xampp\htdocs\CI4\Codeigniter 4 Web\public\index.php(37): CodeIgniter\CodeIgniter->run()
#7 C:\xampp\htdocs\CI4\Codeigniter 4 Web\system\Commands\Server\rewrite.php(43): require_once('C:\\xampp\\htdocs...')
#8 {main}
CRITICAL - 2022-03-20 01:35:54 --> Invalid file: admin.php
#0 C:\xampp\htdocs\CI4\Codeigniter 4 Web\system\View\View.php(198): CodeIgniter\Exceptions\FrameworkException::forInvalidFile('admin.php')
#1 C:\xampp\htdocs\CI4\Codeigniter 4 Web\system\Common.php(1089): CodeIgniter\View\View->render('admin', Array, true)
#2 C:\xampp\htdocs\CI4\Codeigniter 4 Web\app\Controllers\Admin.php(11): view('admin', Array)
#3 C:\xampp\htdocs\CI4\Codeigniter 4 Web\system\CodeIgniter.php(832): App\Controllers\Admin->admin()
#4 C:\xampp\htdocs\CI4\Codeigniter 4 Web\system\CodeIgniter.php(419): CodeIgniter\CodeIgniter->runController(Object(App\Controllers\Admin))
#5 C:\xampp\htdocs\CI4\Codeigniter 4 Web\system\CodeIgniter.php(326): CodeIgniter\CodeIgniter->handleRequest(NULL, Object(Config\Cache), false)
#6 C:\xampp\htdocs\CI4\Codeigniter 4 Web\public\index.php(37): CodeIgniter\CodeIgniter->run()
#7 C:\xampp\htdocs\CI4\Codeigniter 4 Web\system\Commands\Server\rewrite.php(43): require_once('C:\\xampp\\htdocs...')
#8 {main}
CRITICAL - 2022-03-20 01:35:58 --> Invalid file: admin.php
#0 C:\xampp\htdocs\CI4\Codeigniter 4 Web\system\View\View.php(198): CodeIgniter\Exceptions\FrameworkException::forInvalidFile('admin.php')
#1 C:\xampp\htdocs\CI4\Codeigniter 4 Web\system\Common.php(1089): CodeIgniter\View\View->render('admin', Array, true)
#2 C:\xampp\htdocs\CI4\Codeigniter 4 Web\app\Controllers\Admin.php(11): view('admin', Array)
#3 C:\xampp\htdocs\CI4\Codeigniter 4 Web\system\CodeIgniter.php(832): App\Controllers\Admin->admin()
#4 C:\xampp\htdocs\CI4\Codeigniter 4 Web\system\CodeIgniter.php(419): CodeIgniter\CodeIgniter->runController(Object(App\Controllers\Admin))
#5 C:\xampp\htdocs\CI4\Codeigniter 4 Web\system\CodeIgniter.php(326): CodeIgniter\CodeIgniter->handleRequest(NULL, Object(Config\Cache), false)
#6 C:\xampp\htdocs\CI4\Codeigniter 4 Web\public\index.php(37): CodeIgniter\CodeIgniter->run()
#7 C:\xampp\htdocs\CI4\Codeigniter 4 Web\system\Commands\Server\rewrite.php(43): require_once('C:\\xampp\\htdocs...')
#8 {main}
CRITICAL - 2022-03-20 01:35:58 --> Invalid file: admin.php
#0 C:\xampp\htdocs\CI4\Codeigniter 4 Web\system\View\View.php(198): CodeIgniter\Exceptions\FrameworkException::forInvalidFile('admin.php')
#1 C:\xampp\htdocs\CI4\Codeigniter 4 Web\system\Common.php(1089): CodeIgniter\View\View->render('admin', Array, true)
#2 C:\xampp\htdocs\CI4\Codeigniter 4 Web\app\Controllers\Admin.php(11): view('admin', Array)
#3 C:\xampp\htdocs\CI4\Codeigniter 4 Web\system\CodeIgniter.php(832): App\Controllers\Admin->admin()
#4 C:\xampp\htdocs\CI4\Codeigniter 4 Web\system\CodeIgniter.php(419): CodeIgniter\CodeIgniter->runController(Object(App\Controllers\Admin))
#5 C:\xampp\htdocs\CI4\Codeigniter 4 Web\system\CodeIgniter.php(326): CodeIgniter\CodeIgniter->handleRequest(NULL, Object(Config\Cache), false)
#6 C:\xampp\htdocs\CI4\Codeigniter 4 Web\public\index.php(37): CodeIgniter\CodeIgniter->run()
#7 C:\xampp\htdocs\CI4\Codeigniter 4 Web\system\Commands\Server\rewrite.php(43): require_once('C:\\xampp\\htdocs...')
#8 {main}
CRITICAL - 2022-03-20 01:35:58 --> Invalid file: admin.php
#0 C:\xampp\htdocs\CI4\Codeigniter 4 Web\system\View\View.php(198): CodeIgniter\Exceptions\FrameworkException::forInvalidFile('admin.php')
#1 C:\xampp\htdocs\CI4\Codeigniter 4 Web\system\Common.php(1089): CodeIgniter\View\View->render('admin', Array, true)
#2 C:\xampp\htdocs\CI4\Codeigniter 4 Web\app\Controllers\Admin.php(11): view('admin', Array)
#3 C:\xampp\htdocs\CI4\Codeigniter 4 Web\system\CodeIgniter.php(832): App\Controllers\Admin->admin()
#4 C:\xampp\htdocs\CI4\Codeigniter 4 Web\system\CodeIgniter.php(419): CodeIgniter\CodeIgniter->runController(Object(App\Controllers\Admin))
#5 C:\xampp\htdocs\CI4\Codeigniter 4 Web\system\CodeIgniter.php(326): CodeIgniter\CodeIgniter->handleRequest(NULL, Object(Config\Cache), false)
#6 C:\xampp\htdocs\CI4\Codeigniter 4 Web\public\index.php(37): CodeIgniter\CodeIgniter->run()
#7 C:\xampp\htdocs\CI4\Codeigniter 4 Web\system\Commands\Server\rewrite.php(43): require_once('C:\\xampp\\htdocs...')
#8 {main}
CRITICAL - 2022-03-20 01:36:46 --> Invalid file: admin.php
#0 C:\xampp\htdocs\CI4\Codeigniter 4 Web\system\View\View.php(198): CodeIgniter\Exceptions\FrameworkException::forInvalidFile('admin.php')
#1 C:\xampp\htdocs\CI4\Codeigniter 4 Web\system\Common.php(1089): CodeIgniter\View\View->render('admin', Array, true)
#2 C:\xampp\htdocs\CI4\Codeigniter 4 Web\app\Controllers\Admin.php(11): view('admin', Array)
#3 C:\xampp\htdocs\CI4\Codeigniter 4 Web\system\CodeIgniter.php(832): App\Controllers\Admin->admin()
#4 C:\xampp\htdocs\CI4\Codeigniter 4 Web\system\CodeIgniter.php(419): CodeIgniter\CodeIgniter->runController(Object(App\Controllers\Admin))
#5 C:\xampp\htdocs\CI4\Codeigniter 4 Web\system\CodeIgniter.php(326): CodeIgniter\CodeIgniter->handleRequest(NULL, Object(Config\Cache), false)
#6 C:\xampp\htdocs\CI4\Codeigniter 4 Web\public\index.php(37): CodeIgniter\CodeIgniter->run()
#7 C:\xampp\htdocs\CI4\Codeigniter 4 Web\system\Commands\Server\rewrite.php(43): require_once('C:\\xampp\\htdocs...')
#8 {main}
CRITICAL - 2022-03-20 01:36:47 --> Invalid file: admin.php
#0 C:\xampp\htdocs\CI4\Codeigniter 4 Web\system\View\View.php(198): CodeIgniter\Exceptions\FrameworkException::forInvalidFile('admin.php')
#1 C:\xampp\htdocs\CI4\Codeigniter 4 Web\system\Common.php(1089): CodeIgniter\View\View->render('admin', Array, true)
#2 C:\xampp\htdocs\CI4\Codeigniter 4 Web\app\Controllers\Admin.php(11): view('admin', Array)
#3 C:\xampp\htdocs\CI4\Codeigniter 4 Web\system\CodeIgniter.php(832): App\Controllers\Admin->admin()
#4 C:\xampp\htdocs\CI4\Codeigniter 4 Web\system\CodeIgniter.php(419): CodeIgniter\CodeIgniter->runController(Object(App\Controllers\Admin))
#5 C:\xampp\htdocs\CI4\Codeigniter 4 Web\system\CodeIgniter.php(326): CodeIgniter\CodeIgniter->handleRequest(NULL, Object(Config\Cache), false)
#6 C:\xampp\htdocs\CI4\Codeigniter 4 Web\public\index.php(37): CodeIgniter\CodeIgniter->run()
#7 C:\xampp\htdocs\CI4\Codeigniter 4 Web\system\Commands\Server\rewrite.php(43): require_once('C:\\xampp\\htdocs...')
#8 {main}
CRITICAL - 2022-03-20 01:37:23 --> Invalid file: admin.php
#0 C:\xampp\htdocs\CI4\Codeigniter 4 Web\system\View\View.php(198): CodeIgniter\Exceptions\FrameworkException::forInvalidFile('admin.php')
#1 C:\xampp\htdocs\CI4\Codeigniter 4 Web\system\Common.php(1089): CodeIgniter\View\View->render('admin', Array, true)
#2 C:\xampp\htdocs\CI4\Codeigniter 4 Web\app\Controllers\Admin.php(11): view('admin', Array)
#3 C:\xampp\htdocs\CI4\Codeigniter 4 Web\system\CodeIgniter.php(832): App\Controllers\Admin->admin()
#4 C:\xampp\htdocs\CI4\Codeigniter 4 Web\system\CodeIgniter.php(419): CodeIgniter\CodeIgniter->runController(Object(App\Controllers\Admin))
#5 C:\xampp\htdocs\CI4\Codeigniter 4 Web\system\CodeIgniter.php(326): CodeIgniter\CodeIgniter->handleRequest(NULL, Object(Config\Cache), false)
#6 C:\xampp\htdocs\CI4\Codeigniter 4 Web\public\index.php(37): CodeIgniter\CodeIgniter->run()
#7 C:\xampp\htdocs\CI4\Codeigniter 4 Web\system\Commands\Server\rewrite.php(43): require_once('C:\\xampp\\htdocs...')
#8 {main}
CRITICAL - 2022-03-20 01:37:23 --> Invalid file: admin.php
#0 C:\xampp\htdocs\CI4\Codeigniter 4 Web\system\View\View.php(198): CodeIgniter\Exceptions\FrameworkException::forInvalidFile('admin.php')
#1 C:\xampp\htdocs\CI4\Codeigniter 4 Web\system\Common.php(1089): CodeIgniter\View\View->render('admin', Array, true)
#2 C:\xampp\htdocs\CI4\Codeigniter 4 Web\app\Controllers\Admin.php(11): view('admin', Array)
#3 C:\xampp\htdocs\CI4\Codeigniter 4 Web\system\CodeIgniter.php(832): App\Controllers\Admin->admin()
#4 C:\xampp\htdocs\CI4\Codeigniter 4 Web\system\CodeIgniter.php(419): CodeIgniter\CodeIgniter->runController(Object(App\Controllers\Admin))
#5 C:\xampp\htdocs\CI4\Codeigniter 4 Web\system\CodeIgniter.php(326): CodeIgniter\CodeIgniter->handleRequest(NULL, Object(Config\Cache), false)
#6 C:\xampp\htdocs\CI4\Codeigniter 4 Web\public\index.php(37): CodeIgniter\CodeIgniter->run()
#7 C:\xampp\htdocs\CI4\Codeigniter 4 Web\system\Commands\Server\rewrite.php(43): require_once('C:\\xampp\\htdocs...')
#8 {main}
CRITICAL - 2022-03-20 01:37:24 --> Invalid file: admin.php
#0 C:\xampp\htdocs\CI4\Codeigniter 4 Web\system\View\View.php(198): CodeIgniter\Exceptions\FrameworkException::forInvalidFile('admin.php')
#1 C:\xampp\htdocs\CI4\Codeigniter 4 Web\system\Common.php(1089): CodeIgniter\View\View->render('admin', Array, true)
#2 C:\xampp\htdocs\CI4\Codeigniter 4 Web\app\Controllers\Admin.php(11): view('admin', Array)
#3 C:\xampp\htdocs\CI4\Codeigniter 4 Web\system\CodeIgniter.php(832): App\Controllers\Admin->admin()
#4 C:\xampp\htdocs\CI4\Codeigniter 4 Web\system\CodeIgniter.php(419): CodeIgniter\CodeIgniter->runController(Object(App\Controllers\Admin))
#5 C:\xampp\htdocs\CI4\Codeigniter 4 Web\system\CodeIgniter.php(326): CodeIgniter\CodeIgniter->handleRequest(NULL, Object(Config\Cache), false)
#6 C:\xampp\htdocs\CI4\Codeigniter 4 Web\public\index.php(37): CodeIgniter\CodeIgniter->run()
#7 C:\xampp\htdocs\CI4\Codeigniter 4 Web\system\Commands\Server\rewrite.php(43): require_once('C:\\xampp\\htdocs...')
#8 {main}
CRITICAL - 2022-03-20 01:37:24 --> Invalid file: admin.php
#0 C:\xampp\htdocs\CI4\Codeigniter 4 Web\system\View\View.php(198): CodeIgniter\Exceptions\FrameworkException::forInvalidFile('admin.php')
#1 C:\xampp\htdocs\CI4\Codeigniter 4 Web\system\Common.php(1089): CodeIgniter\View\View->render('admin', Array, true)
#2 C:\xampp\htdocs\CI4\Codeigniter 4 Web\app\Controllers\Admin.php(11): view('admin', Array)
#3 C:\xampp\htdocs\CI4\Codeigniter 4 Web\system\CodeIgniter.php(832): App\Controllers\Admin->admin()
#4 C:\xampp\htdocs\CI4\Codeigniter 4 Web\system\CodeIgniter.php(419): CodeIgniter\CodeIgniter->runController(Object(App\Controllers\Admin))
#5 C:\xampp\htdocs\CI4\Codeigniter 4 Web\system\CodeIgniter.php(326): CodeIgniter\CodeIgniter->handleRequest(NULL, Object(Config\Cache), false)
#6 C:\xampp\htdocs\CI4\Codeigniter 4 Web\public\index.php(37): CodeIgniter\CodeIgniter->run()
#7 C:\xampp\htdocs\CI4\Codeigniter 4 Web\system\Commands\Server\rewrite.php(43): require_once('C:\\xampp\\htdocs...')
#8 {main}
CRITICAL - 2022-03-20 01:37:25 --> Invalid file: admin.php
#0 C:\xampp\htdocs\CI4\Codeigniter 4 Web\system\View\View.php(198): CodeIgniter\Exceptions\FrameworkException::forInvalidFile('admin.php')
#1 C:\xampp\htdocs\CI4\Codeigniter 4 Web\system\Common.php(1089): CodeIgniter\View\View->render('admin', Array, true)
#2 C:\xampp\htdocs\CI4\Codeigniter 4 Web\app\Controllers\Admin.php(11): view('admin', Array)
#3 C:\xampp\htdocs\CI4\Codeigniter 4 Web\system\CodeIgniter.php(832): App\Controllers\Admin->admin()
#4 C:\xampp\htdocs\CI4\Codeigniter 4 Web\system\CodeIgniter.php(419): CodeIgniter\CodeIgniter->runController(Object(App\Controllers\Admin))
#5 C:\xampp\htdocs\CI4\Codeigniter 4 Web\system\CodeIgniter.php(326): CodeIgniter\CodeIgniter->handleRequest(NULL, Object(Config\Cache), false)
#6 C:\xampp\htdocs\CI4\Codeigniter 4 Web\public\index.php(37): CodeIgniter\CodeIgniter->run()
#7 C:\xampp\htdocs\CI4\Codeigniter 4 Web\system\Commands\Server\rewrite.php(43): require_once('C:\\xampp\\htdocs...')
#8 {main}
CRITICAL - 2022-03-20 01:37:55 --> Invalid file: admin.php
#0 C:\xampp\htdocs\CI4\Codeigniter 4 Web\system\View\View.php(198): CodeIgniter\Exceptions\FrameworkException::forInvalidFile('admin.php')
#1 C:\xampp\htdocs\CI4\Codeigniter 4 Web\system\Common.php(1089): CodeIgniter\View\View->render('admin', Array, true)
#2 C:\xampp\htdocs\CI4\Codeigniter 4 Web\app\Controllers\Admin.php(11): view('admin', Array)
#3 C:\xampp\htdocs\CI4\Codeigniter 4 Web\system\CodeIgniter.php(832): App\Controllers\Admin->admin()
#4 C:\xampp\htdocs\CI4\Codeigniter 4 Web\system\CodeIgniter.php(419): CodeIgniter\CodeIgniter->runController(Object(App\Controllers\Admin))
#5 C:\xampp\htdocs\CI4\Codeigniter 4 Web\system\CodeIgniter.php(326): CodeIgniter\CodeIgniter->handleRequest(NULL, Object(Config\Cache), false)
#6 C:\xampp\htdocs\CI4\Codeigniter 4 Web\public\index.php(37): CodeIgniter\CodeIgniter->run()
#7 C:\xampp\htdocs\CI4\Codeigniter 4 Web\system\Commands\Server\rewrite.php(43): require_once('C:\\xampp\\htdocs...')
#8 {main}
CRITICAL - 2022-03-20 01:37:55 --> Invalid file: admin.php
#0 C:\xampp\htdocs\CI4\Codeigniter 4 Web\system\View\View.php(198): CodeIgniter\Exceptions\FrameworkException::forInvalidFile('admin.php')
#1 C:\xampp\htdocs\CI4\Codeigniter 4 Web\system\Common.php(1089): CodeIgniter\View\View->render('admin', Array, true)
#2 C:\xampp\htdocs\CI4\Codeigniter 4 Web\app\Controllers\Admin.php(11): view('admin', Array)
#3 C:\xampp\htdocs\CI4\Codeigniter 4 Web\system\CodeIgniter.php(832): App\Controllers\Admin->admin()
#4 C:\xampp\htdocs\CI4\Codeigniter 4 Web\system\CodeIgniter.php(419): CodeIgniter\CodeIgniter->runController(Object(App\Controllers\Admin))
#5 C:\xampp\htdocs\CI4\Codeigniter 4 Web\system\CodeIgniter.php(326): CodeIgniter\CodeIgniter->handleRequest(NULL, Object(Config\Cache), false)
#6 C:\xampp\htdocs\CI4\Codeigniter 4 Web\public\index.php(37): CodeIgniter\CodeIgniter->run()
#7 C:\xampp\htdocs\CI4\Codeigniter 4 Web\system\Commands\Server\rewrite.php(43): require_once('C:\\xampp\\htdocs...')
#8 {main}
CRITICAL - 2022-03-20 01:37:56 --> Invalid file: admin.php
#0 C:\xampp\htdocs\CI4\Codeigniter 4 Web\system\View\View.php(198): CodeIgniter\Exceptions\FrameworkException::forInvalidFile('admin.php')
#1 C:\xampp\htdocs\CI4\Codeigniter 4 Web\system\Common.php(1089): CodeIgniter\View\View->render('admin', Array, true)
#2 C:\xampp\htdocs\CI4\Codeigniter 4 Web\app\Controllers\Admin.php(11): view('admin', Array)
#3 C:\xampp\htdocs\CI4\Codeigniter 4 Web\system\CodeIgniter.php(832): App\Controllers\Admin->admin()
#4 C:\xampp\htdocs\CI4\Codeigniter 4 Web\system\CodeIgniter.php(419): CodeIgniter\CodeIgniter->runController(Object(App\Controllers\Admin))
#5 C:\xampp\htdocs\CI4\Codeigniter 4 Web\system\CodeIgniter.php(326): CodeIgniter\CodeIgniter->handleRequest(NULL, Object(Config\Cache), false)
#6 C:\xampp\htdocs\CI4\Codeigniter 4 Web\public\index.php(37): CodeIgniter\CodeIgniter->run()
#7 C:\xampp\htdocs\CI4\Codeigniter 4 Web\system\Commands\Server\rewrite.php(43): require_once('C:\\xampp\\htdocs...')
#8 {main}
CRITICAL - 2022-03-20 01:37:57 --> Invalid file: admin.php
#0 C:\xampp\htdocs\CI4\Codeigniter 4 Web\system\View\View.php(198): CodeIgniter\Exceptions\FrameworkException::forInvalidFile('admin.php')
#1 C:\xampp\htdocs\CI4\Codeigniter 4 Web\system\Common.php(1089): CodeIgniter\View\View->render('admin', Array, true)
#2 C:\xampp\htdocs\CI4\Codeigniter 4 Web\app\Controllers\Admin.php(11): view('admin', Array)
#3 C:\xampp\htdocs\CI4\Codeigniter 4 Web\system\CodeIgniter.php(832): App\Controllers\Admin->admin()
#4 C:\xampp\htdocs\CI4\Codeigniter 4 Web\system\CodeIgniter.php(419): CodeIgniter\CodeIgniter->runController(Object(App\Controllers\Admin))
#5 C:\xampp\htdocs\CI4\Codeigniter 4 Web\system\CodeIgniter.php(326): CodeIgniter\CodeIgniter->handleRequest(NULL, Object(Config\Cache), false)
#6 C:\xampp\htdocs\CI4\Codeigniter 4 Web\public\index.php(37): CodeIgniter\CodeIgniter->run()
#7 C:\xampp\htdocs\CI4\Codeigniter 4 Web\system\Commands\Server\rewrite.php(43): require_once('C:\\xampp\\htdocs...')
#8 {main}
CRITICAL - 2022-03-20 01:38:48 --> Invalid file: admin.php
#0 C:\xampp\htdocs\CI4\Codeigniter 4 Web\system\View\View.php(198): CodeIgniter\Exceptions\FrameworkException::forInvalidFile('admin.php')
#1 C:\xampp\htdocs\CI4\Codeigniter 4 Web\system\Common.php(1089): CodeIgniter\View\View->render('admin', Array, true)
#2 C:\xampp\htdocs\CI4\Codeigniter 4 Web\app\Controllers\Admin.php(11): view('admin', Array)
#3 C:\xampp\htdocs\CI4\Codeigniter 4 Web\system\CodeIgniter.php(832): App\Controllers\Admin->admin()
#4 C:\xampp\htdocs\CI4\Codeigniter 4 Web\system\CodeIgniter.php(419): CodeIgniter\CodeIgniter->runController(Object(App\Controllers\Admin))
#5 C:\xampp\htdocs\CI4\Codeigniter 4 Web\system\CodeIgniter.php(326): CodeIgniter\CodeIgniter->handleRequest(NULL, Object(Config\Cache), false)
#6 C:\xampp\htdocs\CI4\Codeigniter 4 Web\public\index.php(37): CodeIgniter\CodeIgniter->run()
#7 C:\xampp\htdocs\CI4\Codeigniter 4 Web\system\Commands\Server\rewrite.php(43): require_once('C:\\xampp\\htdocs...')
#8 {main}
CRITICAL - 2022-03-20 01:38:48 --> Invalid file: admin.php
#0 C:\xampp\htdocs\CI4\Codeigniter 4 Web\system\View\View.php(198): CodeIgniter\Exceptions\FrameworkException::forInvalidFile('admin.php')
#1 C:\xampp\htdocs\CI4\Codeigniter 4 Web\system\Common.php(1089): CodeIgniter\View\View->render('admin', Array, true)
#2 C:\xampp\htdocs\CI4\Codeigniter 4 Web\app\Controllers\Admin.php(11): view('admin', Array)
#3 C:\xampp\htdocs\CI4\Codeigniter 4 Web\system\CodeIgniter.php(832): App\Controllers\Admin->admin()
#4 C:\xampp\htdocs\CI4\Codeigniter 4 Web\system\CodeIgniter.php(419): CodeIgniter\CodeIgniter->runController(Object(App\Controllers\Admin))
#5 C:\xampp\htdocs\CI4\Codeigniter 4 Web\system\CodeIgniter.php(326): CodeIgniter\CodeIgniter->handleRequest(NULL, Object(Config\Cache), false)
#6 C:\xampp\htdocs\CI4\Codeigniter 4 Web\public\index.php(37): CodeIgniter\CodeIgniter->run()
#7 C:\xampp\htdocs\CI4\Codeigniter 4 Web\system\Commands\Server\rewrite.php(43): require_once('C:\\xampp\\htdocs...')
#8 {main}
CRITICAL - 2022-03-20 01:38:49 --> Invalid file: admin.php
#0 C:\xampp\htdocs\CI4\Codeigniter 4 Web\system\View\View.php(198): CodeIgniter\Exceptions\FrameworkException::forInvalidFile('admin.php')
#1 C:\xampp\htdocs\CI4\Codeigniter 4 Web\system\Common.php(1089): CodeIgniter\View\View->render('admin', Array, true)
#2 C:\xampp\htdocs\CI4\Codeigniter 4 Web\app\Controllers\Admin.php(11): view('admin', Array)
#3 C:\xampp\htdocs\CI4\Codeigniter 4 Web\system\CodeIgniter.php(832): App\Controllers\Admin->admin()
#4 C:\xampp\htdocs\CI4\Codeigniter 4 Web\system\CodeIgniter.php(419): CodeIgniter\CodeIgniter->runController(Object(App\Controllers\Admin))
#5 C:\xampp\htdocs\CI4\Codeigniter 4 Web\system\CodeIgniter.php(326): CodeIgniter\CodeIgniter->handleRequest(NULL, Object(Config\Cache), false)
#6 C:\xampp\htdocs\CI4\Codeigniter 4 Web\public\index.php(37): CodeIgniter\CodeIgniter->run()
#7 C:\xampp\htdocs\CI4\Codeigniter 4 Web\system\Commands\Server\rewrite.php(43): require_once('C:\\xampp\\htdocs...')
#8 {main}
CRITICAL - 2022-03-20 01:38:58 --> Invalid file: admin.php
#0 C:\xampp\htdocs\CI4\Codeigniter 4 Web\system\View\View.php(198): CodeIgniter\Exceptions\FrameworkException::forInvalidFile('admin.php')
#1 C:\xampp\htdocs\CI4\Codeigniter 4 Web\system\Common.php(1089): CodeIgniter\View\View->render('admin', Array, true)
#2 C:\xampp\htdocs\CI4\Codeigniter 4 Web\app\Controllers\Admin.php(11): view('admin', Array)
#3 C:\xampp\htdocs\CI4\Codeigniter 4 Web\system\CodeIgniter.php(832): App\Controllers\Admin->admin()
#4 C:\xampp\htdocs\CI4\Codeigniter 4 Web\system\CodeIgniter.php(419): CodeIgniter\CodeIgniter->runController(Object(App\Controllers\Admin))
#5 C:\xampp\htdocs\CI4\Codeigniter 4 Web\system\CodeIgniter.php(326): CodeIgniter\CodeIgniter->handleRequest(NULL, Object(Config\Cache), false)
#6 C:\xampp\htdocs\CI4\Codeigniter 4 Web\public\index.php(37): CodeIgniter\CodeIgniter->run()
#7 C:\xampp\htdocs\CI4\Codeigniter 4 Web\system\Commands\Server\rewrite.php(43): require_once('C:\\xampp\\htdocs...')
#8 {main}
CRITICAL - 2022-03-20 01:40:36 --> Invalid file: admin.php
#0 C:\xampp\htdocs\CI4\Codeigniter 4 Web\system\View\View.php(198): CodeIgniter\Exceptions\FrameworkException::forInvalidFile('admin.php')
#1 C:\xampp\htdocs\CI4\Codeigniter 4 Web\system\Common.php(1089): CodeIgniter\View\View->render('admin', Array, true)
#2 C:\xampp\htdocs\CI4\Codeigniter 4 Web\app\Controllers\Admin.php(11): view('admin', Array)
#3 C:\xampp\htdocs\CI4\Codeigniter 4 Web\system\CodeIgniter.php(832): App\Controllers\Admin->admin()
#4 C:\xampp\htdocs\CI4\Codeigniter 4 Web\system\CodeIgniter.php(419): CodeIgniter\CodeIgniter->runController(Object(App\Controllers\Admin))
#5 C:\xampp\htdocs\CI4\Codeigniter 4 Web\system\CodeIgniter.php(326): CodeIgniter\CodeIgniter->handleRequest(NULL, Object(Config\Cache), false)
#6 C:\xampp\htdocs\CI4\Codeigniter 4 Web\public\index.php(37): CodeIgniter\CodeIgniter->run()
#7 C:\xampp\htdocs\CI4\Codeigniter 4 Web\system\Commands\Server\rewrite.php(43): require_once('C:\\xampp\\htdocs...')
#8 {main}
CRITICAL - 2022-03-20 01:40:37 --> Invalid file: admin.php
#0 C:\xampp\htdocs\CI4\Codeigniter 4 Web\system\View\View.php(198): CodeIgniter\Exceptions\FrameworkException::forInvalidFile('admin.php')
#1 C:\xampp\htdocs\CI4\Codeigniter 4 Web\system\Common.php(1089): CodeIgniter\View\View->render('admin', Array, true)
#2 C:\xampp\htdocs\CI4\Codeigniter 4 Web\app\Controllers\Admin.php(11): view('admin', Array)
#3 C:\xampp\htdocs\CI4\Codeigniter 4 Web\system\CodeIgniter.php(832): App\Controllers\Admin->admin()
#4 C:\xampp\htdocs\CI4\Codeigniter 4 Web\system\CodeIgniter.php(419): CodeIgniter\CodeIgniter->runController(Object(App\Controllers\Admin))
#5 C:\xampp\htdocs\CI4\Codeigniter 4 Web\system\CodeIgniter.php(326): CodeIgniter\CodeIgniter->handleRequest(NULL, Object(Config\Cache), false)
#6 C:\xampp\htdocs\CI4\Codeigniter 4 Web\public\index.php(37): CodeIgniter\CodeIgniter->run()
#7 C:\xampp\htdocs\CI4\Codeigniter 4 Web\system\Commands\Server\rewrite.php(43): require_once('C:\\xampp\\htdocs...')
#8 {main}
CRITICAL - 2022-03-20 02:00:13 --> syntax error, unexpected token "=>", expecting "]"
#0 C:\xampp\htdocs\CI4\Codeigniter 4 Web\system\Autoloader\Autoloader.php(241): CodeIgniter\Autoloader\Autoloader->includeFile('C:\\xampp\\htdocs...')
#1 C:\xampp\htdocs\CI4\Codeigniter 4 Web\system\Autoloader\Autoloader.php(219): CodeIgniter\Autoloader\Autoloader->loadInNamespace('App\\Controllers...')
#2 [internal function]: CodeIgniter\Autoloader\Autoloader->loadClass('App\\Controllers...')
#3 C:\xampp\htdocs\CI4\Codeigniter 4 Web\system\CodeIgniter.php(797): class_exists('\\App\\Controller...', true)
#4 C:\xampp\htdocs\CI4\Codeigniter 4 Web\system\CodeIgniter.php(406): CodeIgniter\CodeIgniter->startController()
#5 C:\xampp\htdocs\CI4\Codeigniter 4 Web\system\CodeIgniter.php(326): CodeIgniter\CodeIgniter->handleRequest(NULL, Object(Config\Cache), false)
#6 C:\xampp\htdocs\CI4\Codeigniter 4 Web\public\index.php(37): CodeIgniter\CodeIgniter->run()
#7 C:\xampp\htdocs\CI4\Codeigniter 4 Web\system\Commands\Server\rewrite.php(43): require_once('C:\\xampp\\htdocs...')
#8 {main}
CRITICAL - 2022-03-20 02:00:55 --> syntax error, unexpected token "=>", expecting "]"
#0 C:\xampp\htdocs\CI4\Codeigniter 4 Web\system\Autoloader\Autoloader.php(241): CodeIgniter\Autoloader\Autoloader->includeFile('C:\\xampp\\htdocs...')
#1 C:\xampp\htdocs\CI4\Codeigniter 4 Web\system\Autoloader\Autoloader.php(219): CodeIgniter\Autoloader\Autoloader->loadInNamespace('App\\Controllers...')
#2 [internal function]: CodeIgniter\Autoloader\Autoloader->loadClass('App\\Controllers...')
#3 C:\xampp\htdocs\CI4\Codeigniter 4 Web\system\CodeIgniter.php(797): class_exists('\\App\\Controller...', true)
#4 C:\xampp\htdocs\CI4\Codeigniter 4 Web\system\CodeIgniter.php(406): CodeIgniter\CodeIgniter->startController()
#5 C:\xampp\htdocs\CI4\Codeigniter 4 Web\system\CodeIgniter.php(326): CodeIgniter\CodeIgniter->handleRequest(NULL, Object(Config\Cache), false)
#6 C:\xampp\htdocs\CI4\Codeigniter 4 Web\public\index.php(37): CodeIgniter\CodeIgniter->run()
#7 C:\xampp\htdocs\CI4\Codeigniter 4 Web\system\Commands\Server\rewrite.php(43): require_once('C:\\xampp\\htdocs...')
#8 {main}
CRITICAL - 2022-03-20 02:00:56 --> syntax error, unexpected token "=>", expecting "]"
#0 C:\xampp\htdocs\CI4\Codeigniter 4 Web\system\Autoloader\Autoloader.php(241): CodeIgniter\Autoloader\Autoloader->includeFile('C:\\xampp\\htdocs...')
#1 C:\xampp\htdocs\CI4\Codeigniter 4 Web\system\Autoloader\Autoloader.php(219): CodeIgniter\Autoloader\Autoloader->loadInNamespace('App\\Controllers...')
#2 [internal function]: CodeIgniter\Autoloader\Autoloader->loadClass('App\\Controllers...')
#3 C:\xampp\htdocs\CI4\Codeigniter 4 Web\system\CodeIgniter.php(797): class_exists('\\App\\Controller...', true)
#4 C:\xampp\htdocs\CI4\Codeigniter 4 Web\system\CodeIgniter.php(406): CodeIgniter\CodeIgniter->startController()
#5 C:\xampp\htdocs\CI4\Codeigniter 4 Web\system\CodeIgniter.php(326): CodeIgniter\CodeIgniter->handleRequest(NULL, Object(Config\Cache), false)
#6 C:\xampp\htdocs\CI4\Codeigniter 4 Web\public\index.php(37): CodeIgniter\CodeIgniter->run()
#7 C:\xampp\htdocs\CI4\Codeigniter 4 Web\system\Commands\Server\rewrite.php(43): require_once('C:\\xampp\\htdocs...')
#8 {main}
CRITICAL - 2022-03-20 02:00:58 --> syntax error, unexpected token "=>", expecting "]"
#0 C:\xampp\htdocs\CI4\Codeigniter 4 Web\system\Autoloader\Autoloader.php(241): CodeIgniter\Autoloader\Autoloader->includeFile('C:\\xampp\\htdocs...')
#1 C:\xampp\htdocs\CI4\Codeigniter 4 Web\system\Autoloader\Autoloader.php(219): CodeIgniter\Autoloader\Autoloader->loadInNamespace('App\\Controllers...')
#2 [internal function]: CodeIgniter\Autoloader\Autoloader->loadClass('App\\Controllers...')
#3 C:\xampp\htdocs\CI4\Codeigniter 4 Web\system\CodeIgniter.php(797): class_exists('\\App\\Controller...', true)
#4 C:\xampp\htdocs\CI4\Codeigniter 4 Web\system\CodeIgniter.php(406): CodeIgniter\CodeIgniter->startController()
#5 C:\xampp\htdocs\CI4\Codeigniter 4 Web\system\CodeIgniter.php(326): CodeIgniter\CodeIgniter->handleRequest(NULL, Object(Config\Cache), false)
#6 C:\xampp\htdocs\CI4\Codeigniter 4 Web\public\index.php(37): CodeIgniter\CodeIgniter->run()
#7 C:\xampp\htdocs\CI4\Codeigniter 4 Web\system\Commands\Server\rewrite.php(43): require_once('C:\\xampp\\htdocs...')
#8 {main}
ERROR - 2022-03-20 07:10:39 --> Error connecting to the database: No connection could be made because the target machine actively refused it
CRITICAL - 2022-03-20 07:10:39 --> Unable to connect to the database.
Main connection [MySQLi]: No connection could be made because the target machine actively refused it
#0 C:\xampp\htdocs\CI4\Codeigniter 4 Web\system\Database\BaseConnection.php(577): CodeIgniter\Database\BaseConnection->initialize()
#1 C:\xampp\htdocs\CI4\Codeigniter 4 Web\system\Database\BaseBuilder.php(1455): CodeIgniter\Database\BaseConnection->query('SELECT *\nFROM `...', Array, false)
#2 C:\xampp\htdocs\CI4\Codeigniter 4 Web\system\Model.php(183): CodeIgniter\Database\BaseBuilder->get()
#3 C:\xampp\htdocs\CI4\Codeigniter 4 Web\system\BaseModel.php(584): CodeIgniter\Model->doFindAll(0, 0)
#4 C:\xampp\htdocs\CI4\Codeigniter 4 Web\app\Controllers\Admin.php(10): CodeIgniter\BaseModel->findAll()
#5 C:\xampp\htdocs\CI4\Codeigniter 4 Web\system\CodeIgniter.php(832): App\Controllers\Admin->admin()
#6 C:\xampp\htdocs\CI4\Codeigniter 4 Web\system\CodeIgniter.php(419): CodeIgniter\CodeIgniter->runController(Object(App\Controllers\Admin))
#7 C:\xampp\htdocs\CI4\Codeigniter 4 Web\system\CodeIgniter.php(326): CodeIgniter\CodeIgniter->handleRequest(NULL, Object(Config\Cache), false)
#8 C:\xampp\htdocs\CI4\Codeigniter 4 Web\public\index.php(37): CodeIgniter\CodeIgniter->run()
#9 C:\xampp\htdocs\CI4\Codeigniter 4 Web\system\Commands\Server\rewrite.php(43): require_once('C:\\xampp\\htdocs...')
#10 {main}
ERROR - 2022-03-20 07:12:26 --> Error connecting to the database: No connection could be made because the target machine actively refused it
CRITICAL - 2022-03-20 07:12:26 --> Unable to connect to the database.
Main connection [MySQLi]: No connection could be made because the target machine actively refused it
#0 C:\xampp\htdocs\CI4\Codeigniter 4 Web\system\Database\BaseConnection.php(577): CodeIgniter\Database\BaseConnection->initialize()
#1 C:\xampp\htdocs\CI4\Codeigniter 4 Web\system\Database\BaseBuilder.php(1455): CodeIgniter\Database\BaseConnection->query('SELECT *\nFROM `...', Array, false)
#2 C:\xampp\htdocs\CI4\Codeigniter 4 Web\system\Model.php(183): CodeIgniter\Database\BaseBuilder->get()
#3 C:\xampp\htdocs\CI4\Codeigniter 4 Web\system\BaseModel.php(584): CodeIgniter\Model->doFindAll(0, 0)
#4 C:\xampp\htdocs\CI4\Codeigniter 4 Web\app\Controllers\Admin.php(10): CodeIgniter\BaseModel->findAll()
#5 C:\xampp\htdocs\CI4\Codeigniter 4 Web\system\CodeIgniter.php(832): App\Controllers\Admin->showuser()
#6 C:\xampp\htdocs\CI4\Codeigniter 4 Web\system\CodeIgniter.php(419): CodeIgniter\CodeIgniter->runController(Object(App\Controllers\Admin))
#7 C:\xampp\htdocs\CI4\Codeigniter 4 Web\system\CodeIgniter.php(326): CodeIgniter\CodeIgniter->handleRequest(NULL, Object(Config\Cache), false)
#8 C:\xampp\htdocs\CI4\Codeigniter 4 Web\public\index.php(37): CodeIgniter\CodeIgniter->run()
#9 C:\xampp\htdocs\CI4\Codeigniter 4 Web\system\Commands\Server\rewrite.php(43): require_once('C:\\xampp\\htdocs...')
#10 {main}
ERROR - 2022-03-20 07:12:31 --> Error connecting to the database: No connection could be made because the target machine actively refused it
CRITICAL - 2022-03-20 07:12:31 --> Unable to connect to the database.
Main connection [MySQLi]: No connection could be made because the target machine actively refused it
#0 C:\xampp\htdocs\CI4\Codeigniter 4 Web\system\Database\BaseConnection.php(577): CodeIgniter\Database\BaseConnection->initialize()
#1 C:\xampp\htdocs\CI4\Codeigniter 4 Web\system\Database\BaseBuilder.php(1455): CodeIgniter\Database\BaseConnection->query('SELECT *\nFROM `...', Array, false)
#2 C:\xampp\htdocs\CI4\Codeigniter 4 Web\system\Model.php(183): CodeIgniter\Database\BaseBuilder->get()
#3 C:\xampp\htdocs\CI4\Codeigniter 4 Web\system\BaseModel.php(584): CodeIgniter\Model->doFindAll(0, 0)
#4 C:\xampp\htdocs\CI4\Codeigniter 4 Web\app\Controllers\Admin.php(10): CodeIgniter\BaseModel->findAll()
#5 C:\xampp\htdocs\CI4\Codeigniter 4 Web\system\CodeIgniter.php(832): App\Controllers\Admin->showuser()
#6 C:\xampp\htdocs\CI4\Codeigniter 4 Web\system\CodeIgniter.php(419): CodeIgniter\CodeIgniter->runController(Object(App\Controllers\Admin))
#7 C:\xampp\htdocs\CI4\Codeigniter 4 Web\system\CodeIgniter.php(326): CodeIgniter\CodeIgniter->handleRequest(NULL, Object(Config\Cache), false)
#8 C:\xampp\htdocs\CI4\Codeigniter 4 Web\public\index.php(37): CodeIgniter\CodeIgniter->run()
#9 C:\xampp\htdocs\CI4\Codeigniter 4 Web\system\Commands\Server\rewrite.php(43): require_once('C:\\xampp\\htdocs...')
#10 {main}
